TpTrace Verbose: 0 : 2388, 1, 2023/01/08, 23:24:02.690, 3847334773632, vstest.console.dll, Version: 17.4.0-release-20221019-01 Current process architecture: X64
TpTrace Verbose: 0 : 2388, 1, 2023/01/08, 23:24:02.691, 3847334786717, vstest.console.dll, Runtime location: C:\Program Files\dotnet\shared\Microsoft.NETCore.App\7.0.1
TpTrace Verbose: 0 : 2388, 1, 2023/01/08, 23:24:02.693, 3847334811198, vstest.console.dll, ArtifactProcessingPostProcessModeProcessorExecutor.Initialize: ArtifactProcessingMode.Collect
TpTrace Verbose: 0 : 2388, 1, 2023/01/08, 23:24:02.693, 3847334812111, vstest.console.dll, TestSessionCorrelationIdProcessorModeProcessorExecutor.Initialize: TestSessionCorrelationId '23752_16405f6b-c519-4e90-8268-514dce4665c5'
TpTrace Information: 0 : 2388, 1, 2023/01/08, 23:24:02.700, 3847334875208, vstest.console.dll, FilePatternParser: The given file C:\Users\me\development\me\aoc\AocLib\AocLib.Tests\bin\Debug\net7.0\fine-code-coverage\build-output\AocLib.Tests.dll is a full path.
TpTrace Verbose: 0 : 2388, 1, 2023/01/08, 23:24:02.704, 3847334920354, vstest.console.dll, TestPluginCache.DiscoverTestExtensions: finding test extensions in assemblies ends with: RuntimeProvider.dll TPluginInfo: Microsoft.VisualStudio.TestPlatform.Common.ExtensionFramework.Utilities.TestRuntimePluginInformation TExtension: Microsoft.VisualStudio.TestPlatform.ObjectModel.Host.ITestRuntimeProvider
TpTrace Verbose: 0 : 2388, 1, 2023/01/08, 23:24:02.704, 3847334921694, vstest.console.dll, TestPluginCache.GetExtensionPaths: Filtered extension paths: 
TpTrace Verbose: 0 : 2388, 1, 2023/01/08, 23:24:02.705, 3847334922242, vstest.console.dll, TestPluginCache.GetExtensionPaths: Added default extension paths: C:\Program Files\dotnet\sdk\7.0.101\Extensions\Microsoft.Diagnostics.NETCore.Client.dll
C:\Program Files\dotnet\sdk\7.0.101\Extensions\Microsoft.TestPlatform.Extensions.BlameDataCollector.dll
C:\Program Files\dotnet\sdk\7.0.101\Extensions\Microsoft.TestPlatform.Extensions.EventLogCollector.dll
C:\Program Files\dotnet\sdk\7.0.101\Extensions\Microsoft.TestPlatform.TestHostRuntimeProvider.dll
C:\Program Files\dotnet\sdk\7.0.101\Extensions\Microsoft.VisualStudio.TestPlatform.Extensions.Html.TestLogger.dll
C:\Program Files\dotnet\sdk\7.0.101\Extensions\Microsoft.VisualStudio.TestPlatform.Extensions.Trx.TestLogger.dll
TpTrace Verbose: 0 : 2388, 1, 2023/01/08, 23:24:02.705, 3847334922475, vstest.console.dll, TestPluginCache.GetExtensionPaths: Added unfilterableExtensionPaths: 
TpTrace Information: 0 : 2388, 1, 2023/01/08, 23:24:02.705, 3847334927053, vstest.console.dll, AssemblyResolver.ctor: Creating AssemblyResolver with searchDirectories C:\Program Files\dotnet\sdk\7.0.101\Extensions,C:\Program Files\dotnet\sdk\7.0.101
TpTrace Verbose: 0 : 2388, 1, 2023/01/08, 23:24:02.706, 3847334939177, vstest.console.dll, TestPluginCache.DiscoverTestExtensions: Discovering the extensions using extension path.
TpTrace Verbose: 0 : 2388, 1, 2023/01/08, 23:24:02.706, 3847334940082, vstest.console.dll, TestPluginCache.GetExtensionPaths: Filtered extension paths: 
TpTrace Verbose: 0 : 2388, 1, 2023/01/08, 23:24:02.706, 3847334940439, vstest.console.dll, TestPluginCache.GetExtensionPaths: Added default extension paths: C:\Program Files\dotnet\sdk\7.0.101\Extensions\Microsoft.Diagnostics.NETCore.Client.dll
C:\Program Files\dotnet\sdk\7.0.101\Extensions\Microsoft.TestPlatform.Extensions.BlameDataCollector.dll
C:\Program Files\dotnet\sdk\7.0.101\Extensions\Microsoft.TestPlatform.Extensions.EventLogCollector.dll
C:\Program Files\dotnet\sdk\7.0.101\Extensions\Microsoft.TestPlatform.TestHostRuntimeProvider.dll
C:\Program Files\dotnet\sdk\7.0.101\Extensions\Microsoft.VisualStudio.TestPlatform.Extensions.Html.TestLogger.dll
C:\Program Files\dotnet\sdk\7.0.101\Extensions\Microsoft.VisualStudio.TestPlatform.Extensions.Trx.TestLogger.dll
TpTrace Verbose: 0 : 2388, 1, 2023/01/08, 23:24:02.706, 3847334940633, vstest.console.dll, TestPluginCache.GetExtensionPaths: Added unfilterableExtensionPaths: 
TpTrace Verbose: 0 : 2388, 1, 2023/01/08, 23:24:02.706, 3847334941267, vstest.console.dll, TestPluginCache.DiscoverTestExtensions: Discovering the extensions using allExtensionPaths: C:\Program Files\dotnet\sdk\7.0.101\Extensions\Microsoft.Diagnostics.NETCore.Client.dll
C:\Program Files\dotnet\sdk\7.0.101\Extensions\Microsoft.TestPlatform.Extensions.BlameDataCollector.dll
C:\Program Files\dotnet\sdk\7.0.101\Extensions\Microsoft.TestPlatform.Extensions.EventLogCollector.dll
C:\Program Files\dotnet\sdk\7.0.101\Extensions\Microsoft.TestPlatform.TestHostRuntimeProvider.dll
C:\Program Files\dotnet\sdk\7.0.101\Extensions\Microsoft.VisualStudio.TestPlatform.Extensions.Html.TestLogger.dll
C:\Program Files\dotnet\sdk\7.0.101\Extensions\Microsoft.VisualStudio.TestPlatform.Extensions.Trx.TestLogger.dll
TpTrace Information: 0 : 2388, 1, 2023/01/08, 23:24:02.707, 3847334942316, vstest.console.dll, AssemblyResolver.AddSearchDirectories: Adding more searchDirectories C:\Program Files\dotnet\sdk\7.0.101\Extensions,C:\Program Files\dotnet\sdk\7.0.101
TpTrace Information: 0 : 2388, 1, 2023/01/08, 23:24:02.707, 3847334942739, vstest.console.dll, AssemblyResolver.AddSearchDirectories: Adding more searchDirectories C:\Program Files\dotnet\sdk\7.0.101\Extensions,C:\Program Files\dotnet\sdk\7.0.101
TpTrace Information: 0 : 2388, 1, 2023/01/08, 23:24:02.707, 3847334942930, vstest.console.dll, AssemblyResolver.AddSearchDirectories: Adding more searchDirectories C:\Program Files\dotnet\sdk\7.0.101\Extensions,C:\Program Files\dotnet\sdk\7.0.101
TpTrace Information: 0 : 2388, 1, 2023/01/08, 23:24:02.707, 3847334943104, vstest.console.dll, AssemblyResolver.AddSearchDirectories: Adding more searchDirectories C:\Program Files\dotnet\sdk\7.0.101\Extensions,C:\Program Files\dotnet\sdk\7.0.101
TpTrace Information: 0 : 2388, 1, 2023/01/08, 23:24:02.707, 3847334943300, vstest.console.dll, AssemblyResolver.AddSearchDirectories: Adding more searchDirectories C:\Program Files\dotnet\sdk\7.0.101\Extensions,C:\Program Files\dotnet\sdk\7.0.101
TpTrace Information: 0 : 2388, 1, 2023/01/08, 23:24:02.707, 3847334943470, vstest.console.dll, AssemblyResolver.AddSearchDirectories: Adding more searchDirectories C:\Program Files\dotnet\sdk\7.0.101\Extensions,C:\Program Files\dotnet\sdk\7.0.101
TpTrace Information: 0 : 2388, 1, 2023/01/08, 23:24:02.707, 3847334946318, vstest.console.dll, AssemblyResolver.OnResolve: Microsoft.Diagnostics.NETCore.Client: Resolving assembly.
TpTrace Information: 0 : 2388, 1, 2023/01/08, 23:24:02.707, 3847334946821, vstest.console.dll, AssemblyResolver.OnResolve: Microsoft.Diagnostics.NETCore.Client: Searching in: 'C:\Program Files\dotnet\sdk\7.0.101\Extensions'.
TpTrace Information: 0 : 2388, 1, 2023/01/08, 23:24:02.714, 3847335014243, vstest.console.dll, AssemblyResolver.OnResolve: Microsoft.Diagnostics.NETCore.Client: Loading assembly 'C:\Program Files\dotnet\sdk\7.0.101\Extensions\Microsoft.Diagnostics.NETCore.Client.dll'.
TpTrace Information: 0 : 2388, 1, 2023/01/08, 23:24:02.714, 3847335020262, vstest.console.dll, AssemblyResolver.OnResolve: Resolved assembly: Microsoft.Diagnostics.NETCore.Client, from path: C:\Program Files\dotnet\sdk\7.0.101\Extensions\Microsoft.Diagnostics.NETCore.Client.dll
TpTrace Verbose: 0 : 2388, 1, 2023/01/08, 23:24:02.715, 3847335027501, vstest.console.dll, MetadataReaderExtensionsHelper: Discovering extensions inside assembly 'Microsoft.Diagnostics.NETCore.Client, Version=0.2.6.42401, Culture=neutral, PublicKeyToken=31bf3856ad364e35' file path 'C:\Program Files\dotnet\sdk\7.0.101\Extensions\Microsoft.Diagnostics.NETCore.Client.dll'
TpTrace Information: 0 : 2388, 1, 2023/01/08, 23:24:02.719, 3847335067067, vstest.console.dll, AssemblyResolver.OnResolve: Microsoft.Bcl.AsyncInterfaces: Resolving assembly.
TpTrace Information: 0 : 2388, 1, 2023/01/08, 23:24:02.719, 3847335067529, vstest.console.dll, AssemblyResolver.OnResolve: Microsoft.Bcl.AsyncInterfaces: Searching in: 'C:\Program Files\dotnet\sdk\7.0.101\Extensions'.
TpTrace Information: 0 : 2388, 1, 2023/01/08, 23:24:02.719, 3847335068053, vstest.console.dll, AssemblyResolver.OnResolve: Microsoft.Bcl.AsyncInterfaces: Assembly path does not exist: 'C:\Program Files\dotnet\sdk\7.0.101\Extensions\Microsoft.Bcl.AsyncInterfaces.dll', returning.
TpTrace Information: 0 : 2388, 1, 2023/01/08, 23:24:02.719, 3847335068794, vstest.console.dll, AssemblyResolver.OnResolve: Microsoft.Bcl.AsyncInterfaces: Assembly path does not exist: 'C:\Program Files\dotnet\sdk\7.0.101\Extensions\Microsoft.Bcl.AsyncInterfaces.exe', returning.
TpTrace Information: 0 : 2388, 1, 2023/01/08, 23:24:02.719, 3847335069020, vstest.console.dll, AssemblyResolver.OnResolve: Microsoft.Bcl.AsyncInterfaces: Searching in: 'C:\Program Files\dotnet\sdk\7.0.101'.
TpTrace Information: 0 : 2388, 1, 2023/01/08, 23:24:02.719, 3847335069430, vstest.console.dll, AssemblyResolver.OnResolve: Microsoft.Bcl.AsyncInterfaces: Assembly path does not exist: 'C:\Program Files\dotnet\sdk\7.0.101\Microsoft.Bcl.AsyncInterfaces.dll', returning.
TpTrace Information: 0 : 2388, 1, 2023/01/08, 23:24:02.719, 3847335069782, vstest.console.dll, AssemblyResolver.OnResolve: Microsoft.Bcl.AsyncInterfaces: Assembly path does not exist: 'C:\Program Files\dotnet\sdk\7.0.101\Microsoft.Bcl.AsyncInterfaces.exe', returning.
TpTrace Information: 0 : 2388, 1, 2023/01/08, 23:24:02.719, 3847335069987, vstest.console.dll, AssemblyResolver.OnResolve: Microsoft.Bcl.AsyncInterfaces: Failed to load assembly.
TpTrace Verbose: 0 : 2388, 1, 2023/01/08, 23:24:02.719, 3847335070209, vstest.console.dll, CurrentDomainAssemblyResolve: Resolving assembly 'Microsoft.Bcl.AsyncInterfaces'.
TpTrace Information: 0 : 2388, 1, 2023/01/08, 23:24:02.719, 3847335070554, vstest.console.dll, AssemblyResolver.OnResolve: Microsoft.Bcl.AsyncInterfaces: Resolving assembly.
TpTrace Information: 0 : 2388, 1, 2023/01/08, 23:24:02.719, 3847335070774, vstest.console.dll, AssemblyResolver.OnResolve: Microsoft.Bcl.AsyncInterfaces: Resolved from cache.
TpTrace Verbose: 0 : 2388, 1, 2023/01/08, 23:24:02.719, 3847335070940, vstest.console.dll, CurrentDomainAssemblyResolve: Resolving assembly 'Microsoft.Bcl.AsyncInterfaces'.
TpTrace Verbose: 0 : 2388, 1, 2023/01/08, 23:24:02.719, 3847335071143, vstest.console.dll, CurrentDomainAssemblyResolve: Failed to resolve assembly 'Microsoft.Bcl.AsyncInterfaces'.
TpTrace Verbose: 0 : 2388, 1, 2023/01/08, 23:24:02.720, 3847335078905, vstest.console.dll, CurrentDomainAssemblyResolve: Failed to resolve assembly 'Microsoft.Bcl.AsyncInterfaces'.
TpTrace Warning: 0 : 2388, 1, 2023/01/08, 23:24:02.725, 3847335129044, vstest.console.dll, TestPluginDiscoverer: Failed to get types from assembly 'Microsoft.Diagnostics.NETCore.Client, Version=0.2.6.42401, Culture=neutral, PublicKeyToken=31bf3856ad364e35'. Error: System.Reflection.ReflectionTypeLoadException: Unable to load one or more of the requested types.
Could not load file or assembly 'Microsoft.Bcl.AsyncInterfaces, Version=1.0.0.0, Culture=neutral, PublicKeyToken=cc7b13ffcd2ddd51'. The system cannot find the file specified.
   at System.Reflection.RuntimeModule.GetTypes(RuntimeModule module)
   at System.Reflection.Assembly.GetTypes()
   at Microsoft.VisualStudio.TestPlatform.Common.ExtensionFramework.TestPluginDiscoverer.GetTestExtensionsFromAssembly[TPluginInfo,TExtension](Assembly assembly, Dictionary`2 pluginInfos, String filePath)
System.IO.FileNotFoundException: Could not load file or assembly 'Microsoft.Bcl.AsyncInterfaces, Version=1.0.0.0, Culture=neutral, PublicKeyToken=cc7b13ffcd2ddd51'. The system cannot find the file specified.
File name: 'Microsoft.Bcl.AsyncInterfaces, Version=1.0.0.0, Culture=neutral, PublicKeyToken=cc7b13ffcd2ddd51'
 ---> System.IO.FileNotFoundException: Could not load file or assembly 'Microsoft.Bcl.AsyncInterfaces, Culture=neutral, PublicKeyToken=null'. The system cannot find the file specified.
File name: 'Microsoft.Bcl.AsyncInterfaces, Culture=neutral, PublicKeyToken=null'
   at System.Reflection.RuntimeAssembly.InternalLoad(AssemblyName assemblyName, StackCrawlMark& stackMark, AssemblyLoadContext assemblyLoadContext, RuntimeAssembly requestingAssembly, Boolean throwOnFileNotFound)
   at System.Reflection.Assembly.Load(AssemblyName assemblyRef)
   at Microsoft.VisualStudio.TestPlatform.Common.ExtensionFramework.TestPluginCache.CurrentDomainAssemblyResolve(Object sender, AssemblyResolveEventArgs args)
   at System.Runtime.Loader.AssemblyLoadContext.GetFirstResolvedAssemblyFromResolvingEvent(AssemblyName assemblyName)
   at System.Runtime.Loader.AssemblyLoadContext.ResolveUsingEvent(AssemblyName assemblyName)
   at System.Runtime.Loader.AssemblyLoadContext.ResolveUsingResolvingEvent(IntPtr gchManagedAssemblyLoadContext, AssemblyName assemblyName)
TpTrace Warning: 0 : 2388, 1, 2023/01/08, 23:24:02.725, 3847335131309, vstest.console.dll, LoaderExceptions: System.IO.FileNotFoundException: Could not load file or assembly 'Microsoft.Bcl.AsyncInterfaces, Version=1.0.0.0, Culture=neutral, PublicKeyToken=cc7b13ffcd2ddd51'. The system cannot find the file specified.
File name: 'Microsoft.Bcl.AsyncInterfaces, Version=1.0.0.0, Culture=neutral, PublicKeyToken=cc7b13ffcd2ddd51'
 ---> System.IO.FileNotFoundException: Could not load file or assembly 'Microsoft.Bcl.AsyncInterfaces, Culture=neutral, PublicKeyToken=null'. The system cannot find the file specified.
File name: 'Microsoft.Bcl.AsyncInterfaces, Culture=neutral, PublicKeyToken=null'
   at System.Reflection.RuntimeAssembly.InternalLoad(AssemblyName assemblyName, StackCrawlMark& stackMark, AssemblyLoadContext assemblyLoadContext, RuntimeAssembly requestingAssembly, Boolean throwOnFileNotFound)
   at System.Reflection.Assembly.Load(AssemblyName assemblyRef)
   at Microsoft.VisualStudio.TestPlatform.Common.ExtensionFramework.TestPluginCache.CurrentDomainAssemblyResolve(Object sender, AssemblyResolveEventArgs args)
   at System.Runtime.Loader.AssemblyLoadContext.GetFirstResolvedAssemblyFromResolvingEvent(AssemblyName assemblyName)
   at System.Runtime.Loader.AssemblyLoadContext.ResolveUsingEvent(AssemblyName assemblyName)
   at System.Runtime.Loader.AssemblyLoadContext.ResolveUsingResolvingEvent(IntPtr gchManagedAssemblyLoadContext, AssemblyName assemblyName)
TpTrace Information: 0 : 2388, 1, 2023/01/08, 23:24:02.726, 3847335132450, vstest.console.dll, AssemblyResolver.OnResolve: Microsoft.TestPlatform.Extensions.BlameDataCollector: Resolving assembly.
TpTrace Information: 0 : 2388, 1, 2023/01/08, 23:24:02.726, 3847335132816, vstest.console.dll, AssemblyResolver.OnResolve: Microsoft.TestPlatform.Extensions.BlameDataCollector: Searching in: 'C:\Program Files\dotnet\sdk\7.0.101\Extensions'.
TpTrace Information: 0 : 2388, 1, 2023/01/08, 23:24:02.726, 3847335138425, vstest.console.dll, AssemblyResolver.OnResolve: Microsoft.TestPlatform.Extensions.BlameDataCollector: Loading assembly 'C:\Program Files\dotnet\sdk\7.0.101\Extensions\Microsoft.TestPlatform.Extensions.BlameDataCollector.dll'.
TpTrace Information: 0 : 2388, 1, 2023/01/08, 23:24:02.727, 3847335143901, vstest.console.dll, AssemblyResolver.OnResolve: Resolved assembly: Microsoft.TestPlatform.Extensions.BlameDataCollector, from path: C:\Program Files\dotnet\sdk\7.0.101\Extensions\Microsoft.TestPlatform.Extensions.BlameDataCollector.dll
TpTrace Verbose: 0 : 2388, 1, 2023/01/08, 23:24:02.727, 3847335144463, vstest.console.dll, MetadataReaderExtensionsHelper: Discovering extensions inside assembly 'Microsoft.TestPlatform.Extensions.BlameDataCollector, Version=15.0.0.0, Culture=neutral, PublicKeyToken=b03f5f7f11d50a3a' file path 'C:\Program Files\dotnet\sdk\7.0.101\Extensions\Microsoft.TestPlatform.Extensions.BlameDataCollector.dll'
TpTrace Information: 0 : 2388, 1, 2023/01/08, 23:24:02.728, 3847335156670, vstest.console.dll, AssemblyResolver.OnResolve: Microsoft.TestPlatform.Extensions.EventLogCollector: Resolving assembly.
TpTrace Information: 0 : 2388, 1, 2023/01/08, 23:24:02.728, 3847335157171, vstest.console.dll, AssemblyResolver.OnResolve: Microsoft.TestPlatform.Extensions.EventLogCollector: Searching in: 'C:\Program Files\dotnet\sdk\7.0.101\Extensions'.
TpTrace Information: 0 : 2388, 1, 2023/01/08, 23:24:02.729, 3847335162677, vstest.console.dll, AssemblyResolver.OnResolve: Microsoft.TestPlatform.Extensions.EventLogCollector: Loading assembly 'C:\Program Files\dotnet\sdk\7.0.101\Extensions\Microsoft.TestPlatform.Extensions.EventLogCollector.dll'.
TpTrace Information: 0 : 2388, 1, 2023/01/08, 23:24:02.729, 3847335165870, vstest.console.dll, AssemblyResolver.OnResolve: Resolved assembly: Microsoft.TestPlatform.Extensions.EventLogCollector, from path: C:\Program Files\dotnet\sdk\7.0.101\Extensions\Microsoft.TestPlatform.Extensions.EventLogCollector.dll
TpTrace Verbose: 0 : 2388, 1, 2023/01/08, 23:24:02.729, 3847335166336, vstest.console.dll, MetadataReaderExtensionsHelper: Discovering extensions inside assembly 'Microsoft.TestPlatform.Extensions.EventLogCollector, Version=15.0.0.0, Culture=neutral, PublicKeyToken=b03f5f7f11d50a3a' file path 'C:\Program Files\dotnet\sdk\7.0.101\Extensions\Microsoft.TestPlatform.Extensions.EventLogCollector.dll'
TpTrace Information: 0 : 2388, 1, 2023/01/08, 23:24:02.731, 3847335186255, vstest.console.dll, AssemblyResolver.OnResolve: Microsoft.TestPlatform.TestHostRuntimeProvider: Resolving assembly.
TpTrace Information: 0 : 2388, 1, 2023/01/08, 23:24:02.731, 3847335186720, vstest.console.dll, AssemblyResolver.OnResolve: Microsoft.TestPlatform.TestHostRuntimeProvider: Searching in: 'C:\Program Files\dotnet\sdk\7.0.101\Extensions'.
TpTrace Information: 0 : 2388, 1, 2023/01/08, 23:24:02.731, 3847335192048, vstest.console.dll, AssemblyResolver.OnResolve: Microsoft.TestPlatform.TestHostRuntimeProvider: Loading assembly 'C:\Program Files\dotnet\sdk\7.0.101\Extensions\Microsoft.TestPlatform.TestHostRuntimeProvider.dll'.
TpTrace Information: 0 : 2388, 1, 2023/01/08, 23:24:02.732, 3847335196735, vstest.console.dll, AssemblyResolver.OnResolve: Resolved assembly: Microsoft.TestPlatform.TestHostRuntimeProvider, from path: C:\Program Files\dotnet\sdk\7.0.101\Extensions\Microsoft.TestPlatform.TestHostRuntimeProvider.dll
TpTrace Verbose: 0 : 2388, 1, 2023/01/08, 23:24:02.732, 3847335197284, vstest.console.dll, MetadataReaderExtensionsHelper: Discovering extensions inside assembly 'Microsoft.TestPlatform.TestHostRuntimeProvider, Version=15.0.0.0, Culture=neutral, PublicKeyToken=b03f5f7f11d50a3a' file path 'C:\Program Files\dotnet\sdk\7.0.101\Extensions\Microsoft.TestPlatform.TestHostRuntimeProvider.dll'
TpTrace Information: 0 : 2388, 1, 2023/01/08, 23:24:02.733, 3847335210136, vstest.console.dll, GetTestExtensionFromType: Register extension with identifier data 'HostProvider://DefaultTestHost' and type 'Microsoft.VisualStudio.TestPlatform.CrossPlatEngine.Hosting.DefaultTestHostManager, Microsoft.TestPlatform.TestHostRuntimeProvider, Version=15.0.0.0, Culture=neutral, PublicKeyToken=b03f5f7f11d50a3a' inside file 'C:\Program Files\dotnet\sdk\7.0.101\Extensions\Microsoft.TestPlatform.TestHostRuntimeProvider.dll'
TpTrace Information: 0 : 2388, 1, 2023/01/08, 23:24:02.733, 3847335211787, vstest.console.dll, GetTestExtensionFromType: Register extension with identifier data 'HostProvider://DotnetTestHost' and type 'Microsoft.VisualStudio.TestPlatform.CrossPlatEngine.Hosting.DotnetTestHostManager, Microsoft.TestPlatform.TestHostRuntimeProvider, Version=15.0.0.0, Culture=neutral, PublicKeyToken=b03f5f7f11d50a3a' inside file 'C:\Program Files\dotnet\sdk\7.0.101\Extensions\Microsoft.TestPlatform.TestHostRuntimeProvider.dll'
TpTrace Information: 0 : 2388, 1, 2023/01/08, 23:24:02.734, 3847335212330, vstest.console.dll, AssemblyResolver.OnResolve: Microsoft.VisualStudio.TestPlatform.Extensions.Html.TestLogger: Resolving assembly.
TpTrace Information: 0 : 2388, 1, 2023/01/08, 23:24:02.734, 3847335212562, vstest.console.dll, AssemblyResolver.OnResolve: Microsoft.VisualStudio.TestPlatform.Extensions.Html.TestLogger: Searching in: 'C:\Program Files\dotnet\sdk\7.0.101\Extensions'.
TpTrace Information: 0 : 2388, 1, 2023/01/08, 23:24:02.734, 3847335216775, vstest.console.dll, AssemblyResolver.OnResolve: Microsoft.VisualStudio.TestPlatform.Extensions.Html.TestLogger: Loading assembly 'C:\Program Files\dotnet\sdk\7.0.101\Extensions\Microsoft.VisualStudio.TestPlatform.Extensions.Html.TestLogger.dll'.
TpTrace Information: 0 : 2388, 1, 2023/01/08, 23:24:02.734, 3847335221398, vstest.console.dll, AssemblyResolver.OnResolve: Resolved assembly: Microsoft.VisualStudio.TestPlatform.Extensions.Html.TestLogger, from path: C:\Program Files\dotnet\sdk\7.0.101\Extensions\Microsoft.VisualStudio.TestPlatform.Extensions.Html.TestLogger.dll
TpTrace Verbose: 0 : 2388, 1, 2023/01/08, 23:24:02.734, 3847335221878, vstest.console.dll, MetadataReaderExtensionsHelper: Discovering extensions inside assembly 'Microsoft.VisualStudio.TestPlatform.Extensions.Html.TestLogger, Version=15.0.0.0, Culture=neutral, PublicKeyToken=b03f5f7f11d50a3a' file path 'C:\Program Files\dotnet\sdk\7.0.101\Extensions\Microsoft.VisualStudio.TestPlatform.Extensions.Html.TestLogger.dll'
TpTrace Information: 0 : 2388, 1, 2023/01/08, 23:24:02.735, 3847335228639, vstest.console.dll, AssemblyResolver.OnResolve: Microsoft.VisualStudio.TestPlatform.Extensions.Trx.TestLogger: Resolving assembly.
TpTrace Information: 0 : 2388, 1, 2023/01/08, 23:24:02.735, 3847335229031, vstest.console.dll, AssemblyResolver.OnResolve: Microsoft.VisualStudio.TestPlatform.Extensions.Trx.TestLogger: Searching in: 'C:\Program Files\dotnet\sdk\7.0.101\Extensions'.
TpTrace Information: 0 : 2388, 1, 2023/01/08, 23:24:02.736, 3847335234171, vstest.console.dll, AssemblyResolver.OnResolve: Microsoft.VisualStudio.TestPlatform.Extensions.Trx.TestLogger: Loading assembly 'C:\Program Files\dotnet\sdk\7.0.101\Extensions\Microsoft.VisualStudio.TestPlatform.Extensions.Trx.TestLogger.dll'.
TpTrace Information: 0 : 2388, 1, 2023/01/08, 23:24:02.736, 3847335239509, vstest.console.dll, AssemblyResolver.OnResolve: Resolved assembly: Microsoft.VisualStudio.TestPlatform.Extensions.Trx.TestLogger, from path: C:\Program Files\dotnet\sdk\7.0.101\Extensions\Microsoft.VisualStudio.TestPlatform.Extensions.Trx.TestLogger.dll
TpTrace Verbose: 0 : 2388, 1, 2023/01/08, 23:24:02.736, 3847335240004, vstest.console.dll, MetadataReaderExtensionsHelper: Discovering extensions inside assembly 'Microsoft.VisualStudio.TestPlatform.Extensions.Trx.TestLogger, Version=15.0.0.0, Culture=neutral, PublicKeyToken=b03f5f7f11d50a3a' file path 'C:\Program Files\dotnet\sdk\7.0.101\Extensions\Microsoft.VisualStudio.TestPlatform.Extensions.Trx.TestLogger.dll'
TpTrace Verbose: 0 : 2388, 1, 2023/01/08, 23:24:02.737, 3847335248917, vstest.console.dll, TestPluginCache: Discovered the extensions using extension path ''.
TpTrace Verbose: 0 : 2388, 1, 2023/01/08, 23:24:02.737, 3847335249359, vstest.console.dll, TestPluginCache: Discoverers are ''.
TpTrace Verbose: 0 : 2388, 1, 2023/01/08, 23:24:02.737, 3847335249525, vstest.console.dll, TestPluginCache: Executors are ''.
TpTrace Verbose: 0 : 2388, 1, 2023/01/08, 23:24:02.737, 3847335249667, vstest.console.dll, TestPluginCache: Executors2 are ''.
TpTrace Verbose: 0 : 2388, 1, 2023/01/08, 23:24:02.737, 3847335249807, vstest.console.dll, TestPluginCache: Setting providers are ''.
TpTrace Verbose: 0 : 2388, 1, 2023/01/08, 23:24:02.737, 3847335249947, vstest.console.dll, TestPluginCache: Loggers are ''.
TpTrace Verbose: 0 : 2388, 1, 2023/01/08, 23:24:02.737, 3847335250690, vstest.console.dll, TestPluginCache: TestHosts are 'HostProvider://DefaultTestHost,HostProvider://DotnetTestHost'.
TpTrace Verbose: 0 : 2388, 1, 2023/01/08, 23:24:02.737, 3847335250913, vstest.console.dll, TestPluginCache: DataCollectors are ''.
TpTrace Information: 0 : 2388, 1, 2023/01/08, 23:24:02.745, 3847335329987, vstest.console.dll, RunTestsArgumentProcessor:Execute: Test run is starting.
TpTrace Verbose: 0 : 2388, 1, 2023/01/08, 23:24:02.745, 3847335330463, vstest.console.dll, RunTestsArgumentProcessor:Execute: Queuing Test run.
TpTrace Information: 0 : 2388, 1, 2023/01/08, 23:24:02.745, 3847335331982, vstest.console.dll, TestRequestManager.RunTests: run tests started.
TpTrace Information: 0 : 2388, 1, 2023/01/08, 23:24:02.746, 3847335341252, vstest.console.dll, AssemblyMetadataProvider.GetFrameworkName: Determined framework:'.NETCoreApp,Version=v7.0' for source: 'C:\Users\me\development\me\aoc\AocLib\AocLib.Tests\bin\Debug\net7.0\fine-code-coverage\build-output\AocLib.Tests.dll'
TpTrace Information: 0 : 2388, 1, 2023/01/08, 23:24:02.747, 3847335342364, vstest.console.dll, Determined framework for all sources: .NETCoreApp,Version=v7.0
TpTrace Verbose: 0 : 2388, 1, 2023/01/08, 23:24:02.747, 3847335344833, vstest.console.dll, TestRequestManager.UpdateRunSettingsIfRequired: Default architecture: X64 IsDefaultTargetArchitecture: True, Current process architecture: X64 OperatingSystem: Windows.
TpTrace Information: 0 : 2388, 1, 2023/01/08, 23:24:02.748, 3847335358748, vstest.console.dll, AssemblyMetadataProvider.GetArchitecture: Determined architecture:AnyCPU info for assembly: C:\Users\me\development\me\aoc\AocLib\AocLib.Tests\bin\Debug\net7.0\fine-code-coverage\build-output\AocLib.Tests.dll
TpTrace Information: 0 : 2388, 1, 2023/01/08, 23:24:02.748, 3847335359156, vstest.console.dll, Determined platform for source 'C:\Users\me\development\me\aoc\AocLib\AocLib.Tests\bin\Debug\net7.0\fine-code-coverage\build-output\AocLib.Tests.dll' was AnyCPU and it will use the default plaform X64.
TpTrace Information: 0 : 2388, 1, 2023/01/08, 23:24:02.748, 3847335359342, vstest.console.dll, None of the sources provided any runnable platform, using the default platform: X64
TpTrace Information: 0 : 2388, 1, 2023/01/08, 23:24:02.748, 3847335359903, vstest.console.dll, Platform was updated to 'X64'.
TpTrace Information: 0 : 2388, 1, 2023/01/08, 23:24:02.750, 3847335380207, vstest.console.dll, InferRunSettingsHelper.IsTestSettingsEnabled: Unable to navigate to RunSettings/MSTest. Current node: RunSettings
TpTrace Information: 0 : 2388, 1, 2023/01/08, 23:24:02.751, 3847335384067, vstest.console.dll, AssemblyResolver.OnResolve: Microsoft.VisualStudio.TestPlatform.Fakes: Resolving assembly.
TpTrace Information: 0 : 2388, 1, 2023/01/08, 23:24:02.751, 3847335384501, vstest.console.dll, AssemblyResolver.OnResolve: Microsoft.VisualStudio.TestPlatform.Fakes: Searching in: 'C:\Program Files\dotnet\sdk\7.0.101\Extensions'.
TpTrace Information: 0 : 2388, 1, 2023/01/08, 23:24:02.751, 3847335385053, vstest.console.dll, AssemblyResolver.OnResolve: Microsoft.VisualStudio.TestPlatform.Fakes: Assembly path does not exist: 'C:\Program Files\dotnet\sdk\7.0.101\Extensions\Microsoft.VisualStudio.TestPlatform.Fakes.dll', returning.
TpTrace Information: 0 : 2388, 1, 2023/01/08, 23:24:02.751, 3847335385445, vstest.console.dll, AssemblyResolver.OnResolve: Microsoft.VisualStudio.TestPlatform.Fakes: Assembly path does not exist: 'C:\Program Files\dotnet\sdk\7.0.101\Extensions\Microsoft.VisualStudio.TestPlatform.Fakes.exe', returning.
TpTrace Information: 0 : 2388, 1, 2023/01/08, 23:24:02.751, 3847335385656, vstest.console.dll, AssemblyResolver.OnResolve: Microsoft.VisualStudio.TestPlatform.Fakes: Searching in: 'C:\Program Files\dotnet\sdk\7.0.101'.
TpTrace Information: 0 : 2388, 1, 2023/01/08, 23:24:02.751, 3847335386045, vstest.console.dll, AssemblyResolver.OnResolve: Microsoft.VisualStudio.TestPlatform.Fakes: Assembly path does not exist: 'C:\Program Files\dotnet\sdk\7.0.101\Microsoft.VisualStudio.TestPlatform.Fakes.dll', returning.
TpTrace Information: 0 : 2388, 1, 2023/01/08, 23:24:02.751, 3847335386375, vstest.console.dll, AssemblyResolver.OnResolve: Microsoft.VisualStudio.TestPlatform.Fakes: Assembly path does not exist: 'C:\Program Files\dotnet\sdk\7.0.101\Microsoft.VisualStudio.TestPlatform.Fakes.exe', returning.
TpTrace Information: 0 : 2388, 1, 2023/01/08, 23:24:02.751, 3847335386546, vstest.console.dll, AssemblyResolver.OnResolve: Microsoft.VisualStudio.TestPlatform.Fakes: Failed to load assembly.
TpTrace Information: 0 : 2388, 1, 2023/01/08, 23:24:02.751, 3847335387944, vstest.console.dll, Failed to load assembly Microsoft.VisualStudio.TestPlatform.Fakes, Version=17.0.0.0, Culture=neutral. Reason:System.IO.FileNotFoundException: Could not load file or assembly 'Microsoft.VisualStudio.TestPlatform.Fakes, Version=17.0.0.0, Culture=neutral, PublicKeyToken=null'. The system cannot find the file specified.
File name: 'Microsoft.VisualStudio.TestPlatform.Fakes, Version=17.0.0.0, Culture=neutral, PublicKeyToken=null'
   at System.Reflection.RuntimeAssembly.InternalLoad(AssemblyName assemblyName, StackCrawlMark& stackMark, AssemblyLoadContext assemblyLoadContext, RuntimeAssembly requestingAssembly, Boolean throwOnFileNotFound)
   at System.Reflection.Assembly.Load(AssemblyName assemblyRef)
   at Microsoft.VisualStudio.TestPlatform.Common.Utilities.FakesUtilities.LoadTestPlatformAssembly()
TpTrace Verbose: 0 : 2388, 1, 2023/01/08, 23:24:02.753, 3847335408413, vstest.console.dll, TestPluginCache.DiscoverTestExtensions: finding test extensions in assemblies ends with: TestLogger.dll TPluginInfo: Microsoft.VisualStudio.TestPlatform.Common.ExtensionFramework.Utilities.TestLoggerPluginInformation TExtension: Microsoft.VisualStudio.TestPlatform.ObjectModel.Client.ITestLogger
TpTrace Verbose: 0 : 2388, 1, 2023/01/08, 23:24:02.753, 3847335408973, vstest.console.dll, TestPluginCache.GetExtensionPaths: Filtered extension paths: 
TpTrace Verbose: 0 : 2388, 1, 2023/01/08, 23:24:02.753, 3847335409197, vstest.console.dll, TestPluginCache.GetExtensionPaths: Added default extension paths: C:\Program Files\dotnet\sdk\7.0.101\Extensions\Microsoft.Diagnostics.NETCore.Client.dll
C:\Program Files\dotnet\sdk\7.0.101\Extensions\Microsoft.TestPlatform.Extensions.BlameDataCollector.dll
C:\Program Files\dotnet\sdk\7.0.101\Extensions\Microsoft.TestPlatform.Extensions.EventLogCollector.dll
C:\Program Files\dotnet\sdk\7.0.101\Extensions\Microsoft.TestPlatform.TestHostRuntimeProvider.dll
C:\Program Files\dotnet\sdk\7.0.101\Extensions\Microsoft.VisualStudio.TestPlatform.Extensions.Html.TestLogger.dll
C:\Program Files\dotnet\sdk\7.0.101\Extensions\Microsoft.VisualStudio.TestPlatform.Extensions.Trx.TestLogger.dll
TpTrace Verbose: 0 : 2388, 1, 2023/01/08, 23:24:02.753, 3847335409412, vstest.console.dll, TestPluginCache.GetExtensionPaths: Added unfilterableExtensionPaths: 
TpTrace Information: 0 : 2388, 1, 2023/01/08, 23:24:02.753, 3847335410187, vstest.console.dll, AssemblyResolver.AddSearchDirectories: Adding more searchDirectories C:\Program Files\dotnet\sdk\7.0.101\Extensions,C:\Program Files\dotnet\sdk\7.0.101
TpTrace Verbose: 0 : 2388, 1, 2023/01/08, 23:24:02.753, 3847335410471, vstest.console.dll, TestPluginCache.DiscoverTestExtensions: Discovering the extensions using extension path.
TpTrace Verbose: 0 : 2388, 1, 2023/01/08, 23:24:02.753, 3847335410673, vstest.console.dll, TestPluginCache.GetExtensionPaths: Filtered extension paths: 
TpTrace Verbose: 0 : 2388, 1, 2023/01/08, 23:24:02.753, 3847335410870, vstest.console.dll, TestPluginCache.GetExtensionPaths: Added default extension paths: C:\Program Files\dotnet\sdk\7.0.101\Extensions\Microsoft.Diagnostics.NETCore.Client.dll
C:\Program Files\dotnet\sdk\7.0.101\Extensions\Microsoft.TestPlatform.Extensions.BlameDataCollector.dll
C:\Program Files\dotnet\sdk\7.0.101\Extensions\Microsoft.TestPlatform.Extensions.EventLogCollector.dll
C:\Program Files\dotnet\sdk\7.0.101\Extensions\Microsoft.TestPlatform.TestHostRuntimeProvider.dll
C:\Program Files\dotnet\sdk\7.0.101\Extensions\Microsoft.VisualStudio.TestPlatform.Extensions.Html.TestLogger.dll
C:\Program Files\dotnet\sdk\7.0.101\Extensions\Microsoft.VisualStudio.TestPlatform.Extensions.Trx.TestLogger.dll
TpTrace Verbose: 0 : 2388, 1, 2023/01/08, 23:24:02.753, 3847335411036, vstest.console.dll, TestPluginCache.GetExtensionPaths: Added unfilterableExtensionPaths: 
TpTrace Verbose: 0 : 2388, 1, 2023/01/08, 23:24:02.753, 3847335411227, vstest.console.dll, TestPluginCache.DiscoverTestExtensions: Discovering the extensions using allExtensionPaths: C:\Program Files\dotnet\sdk\7.0.101\Extensions\Microsoft.Diagnostics.NETCore.Client.dll
C:\Program Files\dotnet\sdk\7.0.101\Extensions\Microsoft.TestPlatform.Extensions.BlameDataCollector.dll
C:\Program Files\dotnet\sdk\7.0.101\Extensions\Microsoft.TestPlatform.Extensions.EventLogCollector.dll
C:\Program Files\dotnet\sdk\7.0.101\Extensions\Microsoft.TestPlatform.TestHostRuntimeProvider.dll
C:\Program Files\dotnet\sdk\7.0.101\Extensions\Microsoft.VisualStudio.TestPlatform.Extensions.Html.TestLogger.dll
C:\Program Files\dotnet\sdk\7.0.101\Extensions\Microsoft.VisualStudio.TestPlatform.Extensions.Trx.TestLogger.dll
TpTrace Information: 0 : 2388, 1, 2023/01/08, 23:24:02.753, 3847335411834, vstest.console.dll, AssemblyResolver.AddSearchDirectories: Adding more searchDirectories C:\Program Files\dotnet\sdk\7.0.101\Extensions,C:\Program Files\dotnet\sdk\7.0.101
TpTrace Information: 0 : 2388, 1, 2023/01/08, 23:24:02.753, 3847335412095, vstest.console.dll, AssemblyResolver.AddSearchDirectories: Adding more searchDirectories C:\Program Files\dotnet\sdk\7.0.101\Extensions,C:\Program Files\dotnet\sdk\7.0.101
TpTrace Information: 0 : 2388, 1, 2023/01/08, 23:24:02.754, 3847335412267, vstest.console.dll, AssemblyResolver.AddSearchDirectories: Adding more searchDirectories C:\Program Files\dotnet\sdk\7.0.101\Extensions,C:\Program Files\dotnet\sdk\7.0.101
TpTrace Information: 0 : 2388, 1, 2023/01/08, 23:24:02.754, 3847335412430, vstest.console.dll, AssemblyResolver.AddSearchDirectories: Adding more searchDirectories C:\Program Files\dotnet\sdk\7.0.101\Extensions,C:\Program Files\dotnet\sdk\7.0.101
TpTrace Information: 0 : 2388, 1, 2023/01/08, 23:24:02.754, 3847335412612, vstest.console.dll, AssemblyResolver.AddSearchDirectories: Adding more searchDirectories C:\Program Files\dotnet\sdk\7.0.101\Extensions,C:\Program Files\dotnet\sdk\7.0.101
TpTrace Information: 0 : 2388, 1, 2023/01/08, 23:24:02.754, 3847335412774, vstest.console.dll, AssemblyResolver.AddSearchDirectories: Adding more searchDirectories C:\Program Files\dotnet\sdk\7.0.101\Extensions,C:\Program Files\dotnet\sdk\7.0.101
TpTrace Verbose: 0 : 2388, 1, 2023/01/08, 23:24:02.754, 3847335413382, vstest.console.dll, MetadataReaderExtensionsHelper: Discovering extensions inside assembly 'Microsoft.Diagnostics.NETCore.Client, Version=0.2.6.42401, Culture=neutral, PublicKeyToken=31bf3856ad364e35' file path 'C:\Program Files\dotnet\sdk\7.0.101\Extensions\Microsoft.Diagnostics.NETCore.Client.dll'
TpTrace Information: 0 : 2388, 1, 2023/01/08, 23:24:02.754, 3847335418031, vstest.console.dll, AssemblyResolver.OnResolve: Microsoft.Bcl.AsyncInterfaces: Resolving assembly.
TpTrace Information: 0 : 2388, 1, 2023/01/08, 23:24:02.754, 3847335418430, vstest.console.dll, AssemblyResolver.OnResolve: Microsoft.Bcl.AsyncInterfaces: Resolved from cache.
TpTrace Verbose: 0 : 2388, 1, 2023/01/08, 23:24:02.754, 3847335418614, vstest.console.dll, CurrentDomainAssemblyResolve: Resolving assembly 'Microsoft.Bcl.AsyncInterfaces'.
TpTrace Information: 0 : 2388, 1, 2023/01/08, 23:24:02.754, 3847335418877, vstest.console.dll, AssemblyResolver.OnResolve: Microsoft.Bcl.AsyncInterfaces: Resolving assembly.
TpTrace Information: 0 : 2388, 1, 2023/01/08, 23:24:02.754, 3847335419045, vstest.console.dll, AssemblyResolver.OnResolve: Microsoft.Bcl.AsyncInterfaces: Resolved from cache.
TpTrace Verbose: 0 : 2388, 1, 2023/01/08, 23:24:02.754, 3847335419226, vstest.console.dll, CurrentDomainAssemblyResolve: Resolving assembly 'Microsoft.Bcl.AsyncInterfaces'.
TpTrace Verbose: 0 : 2388, 1, 2023/01/08, 23:24:02.754, 3847335419378, vstest.console.dll, CurrentDomainAssemblyResolve: Failed to resolve assembly 'Microsoft.Bcl.AsyncInterfaces'.
TpTrace Verbose: 0 : 2388, 1, 2023/01/08, 23:24:02.754, 3847335420135, vstest.console.dll, CurrentDomainAssemblyResolve: Failed to resolve assembly 'Microsoft.Bcl.AsyncInterfaces'.
TpTrace Warning: 0 : 2388, 1, 2023/01/08, 23:24:02.754, 3847335421926, vstest.console.dll, TestPluginDiscoverer: Failed to get types from assembly 'Microsoft.Diagnostics.NETCore.Client, Version=0.2.6.42401, Culture=neutral, PublicKeyToken=31bf3856ad364e35'. Error: System.Reflection.ReflectionTypeLoadException: Unable to load one or more of the requested types.
Could not load file or assembly 'Microsoft.Bcl.AsyncInterfaces, Version=1.0.0.0, Culture=neutral, PublicKeyToken=cc7b13ffcd2ddd51'. The system cannot find the file specified.
   at System.Reflection.RuntimeModule.GetTypes(RuntimeModule module)
   at System.Reflection.Assembly.GetTypes()
   at Microsoft.VisualStudio.TestPlatform.Common.ExtensionFramework.TestPluginDiscoverer.GetTestExtensionsFromAssembly[TPluginInfo,TExtension](Assembly assembly, Dictionary`2 pluginInfos, String filePath)
System.IO.FileNotFoundException: Could not load file or assembly 'Microsoft.Bcl.AsyncInterfaces, Version=1.0.0.0, Culture=neutral, PublicKeyToken=cc7b13ffcd2ddd51'. The system cannot find the file specified.
File name: 'Microsoft.Bcl.AsyncInterfaces, Version=1.0.0.0, Culture=neutral, PublicKeyToken=cc7b13ffcd2ddd51'
 ---> System.IO.FileNotFoundException: Could not load file or assembly 'Microsoft.Bcl.AsyncInterfaces, Culture=neutral, PublicKeyToken=null'. The system cannot find the file specified.
File name: 'Microsoft.Bcl.AsyncInterfaces, Culture=neutral, PublicKeyToken=null'
   at System.Reflection.RuntimeAssembly.InternalLoad(AssemblyName assemblyName, StackCrawlMark& stackMark, AssemblyLoadContext assemblyLoadContext, RuntimeAssembly requestingAssembly, Boolean throwOnFileNotFound)
   at System.Reflection.Assembly.Load(AssemblyName assemblyRef)
   at Microsoft.VisualStudio.TestPlatform.Common.ExtensionFramework.TestPluginCache.CurrentDomainAssemblyResolve(Object sender, AssemblyResolveEventArgs args)
   at System.Runtime.Loader.AssemblyLoadContext.GetFirstResolvedAssemblyFromResolvingEvent(AssemblyName assemblyName)
   at System.Runtime.Loader.AssemblyLoadContext.ResolveUsingEvent(AssemblyName assemblyName)
   at System.Runtime.Loader.AssemblyLoadContext.ResolveUsingResolvingEvent(IntPtr gchManagedAssemblyLoadContext, AssemblyName assemblyName)
TpTrace Warning: 0 : 2388, 1, 2023/01/08, 23:24:02.755, 3847335422803, vstest.console.dll, LoaderExceptions: System.IO.FileNotFoundException: Could not load file or assembly 'Microsoft.Bcl.AsyncInterfaces, Version=1.0.0.0, Culture=neutral, PublicKeyToken=cc7b13ffcd2ddd51'. The system cannot find the file specified.
File name: 'Microsoft.Bcl.AsyncInterfaces, Version=1.0.0.0, Culture=neutral, PublicKeyToken=cc7b13ffcd2ddd51'
 ---> System.IO.FileNotFoundException: Could not load file or assembly 'Microsoft.Bcl.AsyncInterfaces, Culture=neutral, PublicKeyToken=null'. The system cannot find the file specified.
File name: 'Microsoft.Bcl.AsyncInterfaces, Culture=neutral, PublicKeyToken=null'
   at System.Reflection.RuntimeAssembly.InternalLoad(AssemblyName assemblyName, StackCrawlMark& stackMark, AssemblyLoadContext assemblyLoadContext, RuntimeAssembly requestingAssembly, Boolean throwOnFileNotFound)
   at System.Reflection.Assembly.Load(AssemblyName assemblyRef)
   at Microsoft.VisualStudio.TestPlatform.Common.ExtensionFramework.TestPluginCache.CurrentDomainAssemblyResolve(Object sender, AssemblyResolveEventArgs args)
   at System.Runtime.Loader.AssemblyLoadContext.GetFirstResolvedAssemblyFromResolvingEvent(AssemblyName assemblyName)
   at System.Runtime.Loader.AssemblyLoadContext.ResolveUsingEvent(AssemblyName assemblyName)
   at System.Runtime.Loader.AssemblyLoadContext.ResolveUsingResolvingEvent(IntPtr gchManagedAssemblyLoadContext, AssemblyName assemblyName)
TpTrace Verbose: 0 : 2388, 1, 2023/01/08, 23:24:02.755, 3847335423291, vstest.console.dll, MetadataReaderExtensionsHelper: Discovering extensions inside assembly 'Microsoft.TestPlatform.Extensions.BlameDataCollector, Version=15.0.0.0, Culture=neutral, PublicKeyToken=b03f5f7f11d50a3a' file path 'C:\Program Files\dotnet\sdk\7.0.101\Extensions\Microsoft.TestPlatform.Extensions.BlameDataCollector.dll'
TpTrace Information: 0 : 2388, 1, 2023/01/08, 23:24:02.755, 3847335426577, vstest.console.dll, GetTestExtensionFromType: Register extension with identifier data 'logger://Microsoft/TestPlatform/Extensions/Blame/v1' and type 'Microsoft.TestPlatform.Extensions.BlameDataCollector.BlameLogger, Microsoft.TestPlatform.Extensions.BlameDataCollector, Version=15.0.0.0, Culture=neutral, PublicKeyToken=b03f5f7f11d50a3a' inside file 'C:\Program Files\dotnet\sdk\7.0.101\Extensions\Microsoft.TestPlatform.Extensions.BlameDataCollector.dll'
TpTrace Verbose: 0 : 2388, 1, 2023/01/08, 23:24:02.755, 3847335427041, vstest.console.dll, MetadataReaderExtensionsHelper: Discovering extensions inside assembly 'Microsoft.TestPlatform.Extensions.EventLogCollector, Version=15.0.0.0, Culture=neutral, PublicKeyToken=b03f5f7f11d50a3a' file path 'C:\Program Files\dotnet\sdk\7.0.101\Extensions\Microsoft.TestPlatform.Extensions.EventLogCollector.dll'
TpTrace Verbose: 0 : 2388, 1, 2023/01/08, 23:24:02.755, 3847335429964, vstest.console.dll, MetadataReaderExtensionsHelper: Discovering extensions inside assembly 'Microsoft.TestPlatform.TestHostRuntimeProvider, Version=15.0.0.0, Culture=neutral, PublicKeyToken=b03f5f7f11d50a3a' file path 'C:\Program Files\dotnet\sdk\7.0.101\Extensions\Microsoft.TestPlatform.TestHostRuntimeProvider.dll'
TpTrace Verbose: 0 : 2388, 1, 2023/01/08, 23:24:02.756, 3847335432553, vstest.console.dll, MetadataReaderExtensionsHelper: Discovering extensions inside assembly 'Microsoft.VisualStudio.TestPlatform.Extensions.Html.TestLogger, Version=15.0.0.0, Culture=neutral, PublicKeyToken=b03f5f7f11d50a3a' file path 'C:\Program Files\dotnet\sdk\7.0.101\Extensions\Microsoft.VisualStudio.TestPlatform.Extensions.Html.TestLogger.dll'
TpTrace Information: 0 : 2388, 1, 2023/01/08, 23:24:02.756, 3847335436652, vstest.console.dll, GetTestExtensionFromType: Register extension with identifier data 'logger://Microsoft/TestPlatform/HtmlLogger/v1' and type 'Microsoft.VisualStudio.TestPlatform.Extensions.HtmlLogger.HtmlLogger, Microsoft.VisualStudio.TestPlatform.Extensions.Html.TestLogger, Version=15.0.0.0, Culture=neutral, PublicKeyToken=b03f5f7f11d50a3a' inside file 'C:\Program Files\dotnet\sdk\7.0.101\Extensions\Microsoft.VisualStudio.TestPlatform.Extensions.Html.TestLogger.dll'
TpTrace Verbose: 0 : 2388, 1, 2023/01/08, 23:24:02.756, 3847335437128, vstest.console.dll, MetadataReaderExtensionsHelper: Discovering extensions inside assembly 'Microsoft.VisualStudio.TestPlatform.Extensions.Trx.TestLogger, Version=15.0.0.0, Culture=neutral, PublicKeyToken=b03f5f7f11d50a3a' file path 'C:\Program Files\dotnet\sdk\7.0.101\Extensions\Microsoft.VisualStudio.TestPlatform.Extensions.Trx.TestLogger.dll'
TpTrace Information: 0 : 2388, 1, 2023/01/08, 23:24:02.756, 3847335440407, vstest.console.dll, GetTestExtensionFromType: Register extension with identifier data 'logger://Microsoft/TestPlatform/TrxLogger/v1' and type 'Microsoft.VisualStudio.TestPlatform.Extensions.TrxLogger.TrxLogger, Microsoft.VisualStudio.TestPlatform.Extensions.Trx.TestLogger, Version=15.0.0.0, Culture=neutral, PublicKeyToken=b03f5f7f11d50a3a' inside file 'C:\Program Files\dotnet\sdk\7.0.101\Extensions\Microsoft.VisualStudio.TestPlatform.Extensions.Trx.TestLogger.dll'
TpTrace Verbose: 0 : 2388, 1, 2023/01/08, 23:24:02.756, 3847335441001, vstest.console.dll, TestPluginCache: Discovered the extensions using extension path ''.
TpTrace Verbose: 0 : 2388, 1, 2023/01/08, 23:24:02.756, 3847335441241, vstest.console.dll, TestPluginCache: Discoverers are ''.
TpTrace Verbose: 0 : 2388, 1, 2023/01/08, 23:24:02.756, 3847335441390, vstest.console.dll, TestPluginCache: Executors are ''.
TpTrace Verbose: 0 : 2388, 1, 2023/01/08, 23:24:02.756, 3847335441542, vstest.console.dll, TestPluginCache: Executors2 are ''.
TpTrace Verbose: 0 : 2388, 1, 2023/01/08, 23:24:02.756, 3847335441684, vstest.console.dll, TestPluginCache: Setting providers are ''.
TpTrace Verbose: 0 : 2388, 1, 2023/01/08, 23:24:02.756, 3847335442076, vstest.console.dll, TestPluginCache: Loggers are 'logger://Microsoft/TestPlatform/Extensions/Blame/v1,logger://Microsoft/TestPlatform/HtmlLogger/v1,logger://Microsoft/TestPlatform/TrxLogger/v1'.
TpTrace Verbose: 0 : 2388, 1, 2023/01/08, 23:24:02.757, 3847335442345, vstest.console.dll, TestPluginCache: TestHosts are 'HostProvider://DefaultTestHost,HostProvider://DotnetTestHost'.
TpTrace Verbose: 0 : 2388, 1, 2023/01/08, 23:24:02.757, 3847335442518, vstest.console.dll, TestPluginCache: DataCollectors are ''.
TpTrace Information: 0 : 2388, 1, 2023/01/08, 23:24:02.757, 3847335447493, vstest.console.dll, TestPluginManager.CreateTestExtension: Attempting to load test extension: Microsoft.TestPlatform.Extensions.BlameDataCollector.BlameLogger
TpTrace Verbose: 0 : 2388, 1, 2023/01/08, 23:24:02.762, 3847335501869, vstest.console.dll, TestEngine: Initializing Parallel Execution as MaxCpuCount is set to: 1
TpTrace Information: 0 : 2388, 1, 2023/01/08, 23:24:02.764, 3847335512492, vstest.console.dll, TestPluginManager.CreateTestExtension: Attempting to load test extension: Microsoft.VisualStudio.TestPlatform.CrossPlatEngine.Hosting.DefaultTestHostManager
TpTrace Information: 0 : 2388, 1, 2023/01/08, 23:24:02.765, 3847335523049, vstest.console.dll, TestPluginManager.CreateTestExtension: Attempting to load test extension: Microsoft.VisualStudio.TestPlatform.CrossPlatEngine.Hosting.DotnetTestHostManager
TpTrace Information: 0 : 2388, 1, 2023/01/08, 23:24:02.765, 3847335527221, vstest.console.dll, InferRunSettingsHelper.IsTestSettingsEnabled: Unable to navigate to RunSettings/MSTest. Current node: RunSettings
TpTrace Verbose: 0 : 2388, 1, 2023/01/08, 23:24:02.768, 3847335552772, vstest.console.dll, TestEngine.GetExecutionManager: Chosen execution manager 'Microsoft.VisualStudio.TestPlatform.CrossPlatEngine.Client.Parallel.ParallelProxyExecutionManager, Microsoft.TestPlatform.CrossPlatEngine, Version=15.0.0.0, Culture=neutral, PublicKeyToken=b03f5f7f11d50a3a' ParallelLevel '1'.
TpTrace Verbose: 0 : 2388, 1, 2023/01/08, 23:24:02.768, 3847335553682, vstest.console.dll, TestRunRequest.ExecuteAsync: Creating test run request.
TpTrace Verbose: 0 : 2388, 1, 2023/01/08, 23:24:02.768, 3847335555101, vstest.console.dll, TestRunRequest.ExecuteAsync: Starting.
TpTrace Information: 0 : 2388, 1, 2023/01/08, 23:24:02.768, 3847335556695, vstest.console.dll, TestRunRequest.ExecuteAsync: Starting run with settings:TestRunCriteria:
   KeepAlive=False,FrequencyOfRunStatsChangeEvent=10,RunStatsChangeEventTimeout=00:00:01.5000000,TestCaseFilter=,TestExecutorLauncher=
   Settingsxml=<RunSettings>
  <RunConfiguration>
    <ResultsDirectory>C:\Users\me\development\me\aoc\AocLib\AocLib.Tests\bin\Debug\net7.0\fine-code-coverage\coverage-tool-output</ResultsDirectory>
    <TargetPlatform>X64</TargetPlatform>
    <TargetFrameworkVersion>.NETCoreApp,Version=v7.0</TargetFrameworkVersion>
    <DesignMode>False</DesignMode>
    <CollectSourceInformation>False</CollectSourceInformation>
  </RunConfiguration>
  <LoggerRunSettings>
    <Loggers>
      <Logger friendlyName="blame" enabled="True" />
      <Logger friendlyName="Console" uri="logger://microsoft/TestPlatform/ConsoleLogger/v1" assemblyQualifiedName="Microsoft.VisualStudio.TestPlatform.CommandLine.Internal.ConsoleLogger, vstest.console, Version=15.0.0.0, Culture=neutral, PublicKeyToken=b03f5f7f11d50a3a" codeBase="C:\Program Files\dotnet\sdk\7.0.101\vstest.console.dll" enabled="True" />
    </Loggers>
  </LoggerRunSettings>
  <DataCollectionRunSettings>
    <DataCollectors>
      <DataCollector friendlyName="blame" enabled="True">
        <Configuration>
          <ResultsDirectory>C:\Users\me\development\me\aoc\AocLib\AocLib.Tests\bin\Debug\net7.0\fine-code-coverage\coverage-tool-output</ResultsDirectory>
        </Configuration>
      </DataCollector>
    </DataCollectors>
  </DataCollectionRunSettings>
</RunSettings>

TpTrace Verbose: 0 : 2388, 1, 2023/01/08, 23:24:02.768, 3847335557072, vstest.console.dll, TestRunRequest.ExecuteAsync: Wait for the first run request is over.
TpTrace Verbose: 0 : 2388, 1, 2023/01/08, 23:24:02.768, 3847335558716, vstest.console.dll, MulticastDelegateUtilities.SafeInvoke: TestRun.TestRunStart: Invoking callbacks was skipped because there are no subscribers.
TpTrace Verbose: 0 : 2388, 4, 2023/01/08, 23:24:02.768, 3847335560321, vstest.console.dll, MulticastDelegateUtilities.SafeInvoke: InternalTestLoggerEvents.SendTestRunStart: Invoking callback 1/1 for Microsoft.VisualStudio.TestPlatform.CommandLine.Internal.ConsoleLogger., took 0 ms.
TpTrace Verbose: 0 : 2388, 1, 2023/01/08, 23:24:02.769, 3847335566000, vstest.console.dll, ParallelProxyExecutionManager: Start execution. Total sources: 1
TpTrace Verbose: 0 : 2388, 1, 2023/01/08, 23:24:02.770, 3847335575876, vstest.console.dll, TestRequestSender is acting as server.
TpTrace Verbose: 0 : 2388, 1, 2023/01/08, 23:24:02.771, 3847335583529, vstest.console.dll, DataCollectionRequestSender.InitializeCommunication : Initialize communication. 
TpTrace Information: 0 : 2388, 1, 2023/01/08, 23:24:02.775, 3847335627929, vstest.console.dll, Listening on Endpoint : 127.0.0.1:56217
TpTrace Verbose: 0 : 2388, 1, 2023/01/08, 23:24:02.780, 3847335676633, vstest.console.dll, DotnetDataCollectionLauncher: Adding  --runtimeconfig "C:\Program Files\dotnet\sdk\7.0.101\datacollector.runtimeconfig.json" in args
TpTrace Verbose: 0 : 2388, 1, 2023/01/08, 23:24:02.780, 3847335677335, vstest.console.dll, DotnetDataCollectionLauncher: Adding  --depsfile "C:\Program Files\dotnet\sdk\7.0.101\datacollector.deps.json" in args
TpTrace Verbose: 0 : 2388, 1, 2023/01/08, 23:24:02.780, 3847335678219, vstest.console.dll, DotnetDataCollectionLauncher: Full path of dotnet.exe is C:\Program Files\dotnet\dotnet.exe
TpTrace Information: 0 : 2388, 1, 2023/01/08, 23:24:02.789, 3847335764292, vstest.console.dll, ProxyDataCollectionManager.Initialize: Launched datacollector processId: 34368 port: 56217
TpTrace Information: 0 : 2388, 1, 2023/01/08, 23:24:02.789, 3847335765170, vstest.console.dll, ProxyDataCollectionManager.Initialize: waiting for connection with timeout: 90 seconds
TpTrace Verbose: 0 : 2388, 1, 2023/01/08, 23:24:02.789, 3847335765571, vstest.console.dll, DataCollectionRequestSender.WaitForRequestHandlerConnection : Waiting for connection with timeout: 90000
TpTrace Information: 0 : 2388, 8, 2023/01/08, 23:24:02.910, 3847336980639, vstest.console.dll, Using the buffer size of 16384 bytes
TpTrace Verbose: 0 : 2388, 1, 2023/01/08, 23:24:02.910, 3847336980802, vstest.console.dll, SocketCommunicationManager.WaitForClientConnection took: 121 ms, with 90000 ms timeout, and finished with True.
TpTrace Information: 0 : 2388, 8, 2023/01/08, 23:24:02.910, 3847336981541, vstest.console.dll, Accepted Client request and set the flag
TpTrace Verbose: 0 : 2388, 1, 2023/01/08, 23:24:02.911, 3847336982554, vstest.console.dll, ProxyDataCollectionManager.InvokeDataCollectionServiceAction: Starting.
TpTrace Information: 0 : 2388, 1, 2023/01/08, 23:24:02.911, 3847336983735, vstest.console.dll, ProxyDataCollectionManager.BeforeTestRunStart: Get environment variable and port for datacollector processId: 34368 port: 56217
TpTrace Verbose: 0 : 2388, 1, 2023/01/08, 23:24:02.911, 3847336984501, vstest.console.dll, DataCollectionRequestSender.SendBeforeTestRunStartAndGetResult: Send BeforeTestRunStart message with settingsXml <RunSettings><RunConfiguration><ResultsDirectory>C:\Users\me\development\me\aoc\AocLib\AocLib.Tests\bin\Debug\net7.0\fine-code-coverage\coverage-tool-output</ResultsDirectory><TargetPlatform>X64</TargetPlatform><TargetFrameworkVersion>.NETCoreApp,Version=v7.0</TargetFrameworkVersion><DesignMode>False</DesignMode><CollectSourceInformation>False</CollectSourceInformation><TestAdaptersPaths>C:\Program Files\dotnet\sdk\7.0.101\Extensions</TestAdaptersPaths></RunConfiguration><LoggerRunSettings><Loggers><Logger friendlyName="blame" enabled="True" /><Logger friendlyName="Console" uri="logger://microsoft/TestPlatform/ConsoleLogger/v1" assemblyQualifiedName="Microsoft.VisualStudio.TestPlatform.CommandLine.Internal.ConsoleLogger, vstest.console, Version=15.0.0.0, Culture=neutral, PublicKeyToken=b03f5f7f11d50a3a" codeBase="C:\Program Files\dotnet\sdk\7.0.101\vstest.console.dll" enabled="True" /></Loggers></LoggerRunSettings><DataCollectionRunSettings><DataCollectors><DataCollector friendlyName="blame" enabled="True"><Configuration><ResultsDirectory>C:\Users\me\development\me\aoc\AocLib\AocLib.Tests\bin\Debug\net7.0\fine-code-coverage\coverage-tool-output</ResultsDirectory></Configuration></DataCollector></DataCollectors></DataCollectionRunSettings></RunSettings> and sources System.Collections.Generic.List`1[System.String]: 
TpTrace Verbose: 0 : 2388, 1, 2023/01/08, 23:24:02.963, 3847337507767, vstest.console.dll, DataCollectionRequestSender.SendBeforeTestRunStartAndGetResult: Received message: (DataCollection.SendMessage) -> {"MessageType":"DataCollection.SendMessage","Payload":{"FriendlyName":null,"Uri":null,"TestCaseId":"00000000-0000-0000-0000-000000000000","Message":"Logging DataCollector Diagnostics in file: C:\\Users\\me\\development\\me\\aoc\\AocLib\\AocLib.Tests\\bin\\Debug\\net7.0\\fine-code-coverage\\coverage-tool-output\\diagnostics.datacollector.23-01-08_23-24-02_78029_1.log","Level":0}}
TpTrace Verbose: 0 : 2388, 1, 2023/01/08, 23:24:03.018, 3847338057281, vstest.console.dll, DataCollectionRequestSender.SendBeforeTestRunStartAndGetResult: Received message: (DataCollection.BeforeTestRunStartResult) -> {"MessageType":"DataCollection.BeforeTestRunStartResult","Payload":{"EnvironmentVariables":{},"DataCollectionEventsPort":56219}}
TpTrace Information: 0 : 2388, 1, 2023/01/08, 23:24:03.021, 3847338088866, vstest.console.dll, ProxyDataCollectionManager.BeforeTestRunStart: SendBeforeTestRunStartAndGetResult successful, env variable from datacollector:   and testhost port: 56219
TpTrace Information: 0 : 2388, 1, 2023/01/08, 23:24:03.021, 3847338089408, vstest.console.dll, ProxyDataCollectionManager.InvokeDataCollectionServiceAction: Completed.
TpTrace Verbose: 0 : 2388, 8, 2023/01/08, 23:24:03.021, 3847338090196, vstest.console.dll, ParallelProxyExecutionManager: Execution started. Started clients: 1
TpTrace Verbose: 0 : 2388, 1, 2023/01/08, 23:24:03.021, 3847338090356, vstest.console.dll, ProxyParallelExecutionManager: No sources available for execution.
TpTrace Information: 0 : 2388, 1, 2023/01/08, 23:24:03.021, 3847338091263, vstest.console.dll, TestRunRequest.ExecuteAsync: Started.
TpTrace Verbose: 0 : 2388, 1, 2023/01/08, 23:24:03.021, 3847338091901, vstest.console.dll, TestRunRequest.WaitForCompletion: Waiting with timeout -1.
TpTrace Verbose: 0 : 2388, 8, 2023/01/08, 23:24:03.021, 3847338092080, vstest.console.dll, TestRunRequest:SendTestRunMessage: Starting.
TpTrace Verbose: 0 : 2388, 8, 2023/01/08, 23:24:03.022, 3847338093080, vstest.console.dll, MulticastDelegateUtilities.SafeInvoke: TestRun.LogMessages: Invoking callback 1/1 for Microsoft.VisualStudio.TestPlatform.CommandLine.TestRunResultAggregator., took 0 ms.
TpTrace Information: 0 : 2388, 8, 2023/01/08, 23:24:03.022, 3847338093313, vstest.console.dll, TestRunRequest:SendTestRunMessage: Completed.
TpTrace Verbose: 0 : 2388, 4, 2023/01/08, 23:24:03.022, 3847338094403, vstest.console.dll, MulticastDelegateUtilities.SafeInvoke: InternalTestLoggerEvents.SendTestRunMessage: Invoking callback 1/1 for Microsoft.VisualStudio.TestPlatform.CommandLine.Internal.ConsoleLogger., took 0 ms.
TpTrace Verbose: 0 : 2388, 8, 2023/01/08, 23:24:03.022, 3847338094430, vstest.console.dll, ProxyExecutionManager: Test host is always Lazy initialize.
TpTrace Verbose: 0 : 2388, 8, 2023/01/08, 23:24:03.022, 3847338096532, vstest.console.dll, TestRequestSender.InitializeCommunication: initialize communication. 
TpTrace Information: 0 : 2388, 8, 2023/01/08, 23:24:03.022, 3847338099844, vstest.console.dll, SocketServer.Start: Listening on endpoint : 127.0.0.1:56220
TpTrace Verbose: 0 : 2388, 8, 2023/01/08, 23:24:03.023, 3847338104882, vstest.console.dll, DotnetTestHostmanager.GetTestHostProcessStartInfo: Platform environment 'X64' target architecture 'X64' framework '.NETCoreApp,Version=v7.0' OS 'Windows'
TpTrace Verbose: 0 : 2388, 8, 2023/01/08, 23:24:03.023, 3847338106136, vstest.console.dll, DotnetTestHostmanager: Adding  --runtimeconfig "C:\Users\me\development\me\aoc\AocLib\AocLib.Tests\bin\Debug\net7.0\fine-code-coverage\build-output\AocLib.Tests.runtimeconfig.json" in args
TpTrace Verbose: 0 : 2388, 8, 2023/01/08, 23:24:03.023, 3847338106773, vstest.console.dll, DotnetTestHostmanager: Adding  --depsfile "C:\Users\me\development\me\aoc\AocLib\AocLib.Tests\bin\Debug\net7.0\fine-code-coverage\build-output\AocLib.Tests.deps.json" in args
TpTrace Verbose: 0 : 2388, 8, 2023/01/08, 23:24:03.023, 3847338107895, vstest.console.dll, DotnetTestHostmanager.IsWinOnArm: Current PROCESSOR_ARCHITECTURE from environment variable 'AMD64'
TpTrace Verbose: 0 : 2388, 8, 2023/01/08, 23:24:03.023, 3847338108292, vstest.console.dll, DotnetTestHostmanager.IsWinOnArm: Is Windows on ARM 'False'
TpTrace Verbose: 0 : 2388, 8, 2023/01/08, 23:24:03.023, 3847338108847, vstest.console.dll, DotnetTestHostManager: testhost.exe found at path: C:\Users\me\development\me\aoc\AocLib\AocLib.Tests\bin\Debug\net7.0\fine-code-coverage\build-output\testhost.exe
TpTrace Verbose: 0 : 2388, 8, 2023/01/08, 23:24:03.023, 3847338109081, vstest.console.dll, DotnetTestHostmanager: Full path of host exe is C:\Users\me\development\me\aoc\AocLib\AocLib.Tests\bin\Debug\net7.0\fine-code-coverage\build-output\testhost.exe
TpTrace Verbose: 0 : 2388, 8, 2023/01/08, 23:24:03.023, 3847338109808, vstest.console.dll, DotnetTestHostmanager.LaunchTestHostAsync: Found 'VSTEST_WINAPPHOST_DOTNET_ROOT' in env variables, value 'C:\Program Files\dotnet', forwarding to 'DOTNET_ROOT'
TpTrace Verbose: 0 : 2388, 8, 2023/01/08, 23:24:03.023, 3847338110739, vstest.console.dll, DotnetTestHostManager: Starting process 'C:\Users\me\development\me\aoc\AocLib\AocLib.Tests\bin\Debug\net7.0\fine-code-coverage\build-output\testhost.exe' with command line ' --runtimeconfig "C:\Users\me\development\me\aoc\AocLib\AocLib.Tests\bin\Debug\net7.0\fine-code-coverage\build-output\AocLib.Tests.runtimeconfig.json" --depsfile "C:\Users\me\development\me\aoc\AocLib\AocLib.Tests\bin\Debug\net7.0\fine-code-coverage\build-output\AocLib.Tests.deps.json" --port 56220 --endpoint 127.0.0.1:056220 --role client --parentprocessid 2388 --diag "C:\Users\me\development\me\aoc\AocLib\AocLib.Tests\bin\Debug\net7.0\fine-code-coverage\coverage-tool-output\diagnostics.host.23-01-08_23-24-03_02302_8.log" --tracelevel 4 --datacollectionport 56219 --telemetryoptedin false'
TpTrace Verbose: 0 : 2388, 8, 2023/01/08, 23:24:03.034, 3847338213099, vstest.console.dll, MulticastDelegateUtilities.SafeInvoke: HostProviderEvents.OnHostLaunched: Invoking callback 1/2 for Microsoft.VisualStudio.TestPlatform.CrossPlatEngine.Client.ProxyExecutionManagerWithDataCollection., took 0 ms.
TpTrace Verbose: 0 : 2388, 8, 2023/01/08, 23:24:03.034, 3847338214654, vstest.console.dll, Test Runtime launched
TpTrace Verbose: 0 : 2388, 8, 2023/01/08, 23:24:03.034, 3847338215135, vstest.console.dll, MulticastDelegateUtilities.SafeInvoke: HostProviderEvents.OnHostLaunched: Invoking callback 2/2 for Microsoft.VisualStudio.TestPlatform.CrossPlatEngine.Client.ProxyOperationManager., took 0 ms.
TpTrace Verbose: 0 : 2388, 8, 2023/01/08, 23:24:03.034, 3847338215892, vstest.console.dll, TestRequestSender.WaitForRequestHandlerConnection: waiting for connection with timeout: 90000.
TpTrace Verbose: 0 : 2388, 13, 2023/01/08, 23:24:03.167, 3847339542757, vstest.console.dll, MulticastDelegateUtilities.SafeInvoke: SocketServer: ClientConnected: Invoking callback 1/1 for Microsoft.VisualStudio.TestPlatform.CommunicationUtilities.TestRequestSender., took 0 ms.
TpTrace Verbose: 0 : 2388, 8, 2023/01/08, 23:24:03.167, 3847339542757, vstest.console.dll, TestRequestSender.WaitForRequestHandlerConnection: waiting took 132 ms, with timeout 90000 ms, and result 0, which is success.
TpTrace Verbose: 0 : 2388, 13, 2023/01/08, 23:24:03.167, 3847339543572, vstest.console.dll, SocketServer.OnClientConnected: Client connected for endPoint: 127.0.0.1:56220, starting MessageLoopAsync:
TpTrace Verbose: 0 : 2388, 14, 2023/01/08, 23:24:03.167, 3847339545706, vstest.console.dll, TcpClientExtensions.MessageLoopAsync: Polling on remoteEndPoint: 127.0.0.1:56222 localEndPoint: 127.0.0.1:56220
TpTrace Verbose: 0 : 2388, 8, 2023/01/08, 23:24:03.167, 3847339549973, vstest.console.dll, TestRequestSender.CheckVersionWithTestHost: Sending check version message: {"MessageType":"ProtocolVersion","Payload":7}
TpTrace Verbose: 0 : 2388, 14, 2023/01/08, 23:24:03.245, 3847340331233, vstest.console.dll, TcpClientExtensions.MessageLoopAsync: NotifyDataAvailable remoteEndPoint: 127.0.0.1:56222 localEndPoint: 127.0.0.1:56220
TpTrace Verbose: 0 : 2388, 14, 2023/01/08, 23:24:03.246, 3847340333003, vstest.console.dll, TestRequestSender.CheckVersionWithTestHost: onMessageReceived received message: (ProtocolVersion) -> {"MessageType":"ProtocolVersion","Payload":7}
TpTrace Verbose: 0 : 2388, 14, 2023/01/08, 23:24:03.246, 3847340337435, vstest.console.dll, MulticastDelegateUtilities.SafeInvoke: LengthPrefixCommunicationChannel: MessageReceived: Invoking callback 1/1 for Microsoft.VisualStudio.TestPlatform.CommunicationUtilities.TestRequestSender+<>c__DisplayClass26_0., took 0 ms.
TpTrace Verbose: 0 : 2388, 14, 2023/01/08, 23:24:03.246, 3847340338129, vstest.console.dll, TcpClientExtensions.MessageLoopAsync: Polling on remoteEndPoint: 127.0.0.1:56222 localEndPoint: 127.0.0.1:56220
TpTrace Verbose: 0 : 2388, 8, 2023/01/08, 23:24:03.246, 3847340338362, vstest.console.dll, TestPluginCache.GetExtensionPaths: Filtered extension paths: 
TpTrace Verbose: 0 : 2388, 8, 2023/01/08, 23:24:03.246, 3847340338898, vstest.console.dll, TestPluginCache.GetExtensionPaths: Added default extension paths: C:\Program Files\dotnet\sdk\7.0.101\Extensions\Microsoft.Diagnostics.NETCore.Client.dll
C:\Program Files\dotnet\sdk\7.0.101\Extensions\Microsoft.TestPlatform.Extensions.BlameDataCollector.dll
C:\Program Files\dotnet\sdk\7.0.101\Extensions\Microsoft.TestPlatform.Extensions.EventLogCollector.dll
C:\Program Files\dotnet\sdk\7.0.101\Extensions\Microsoft.TestPlatform.TestHostRuntimeProvider.dll
C:\Program Files\dotnet\sdk\7.0.101\Extensions\Microsoft.VisualStudio.TestPlatform.Extensions.Html.TestLogger.dll
C:\Program Files\dotnet\sdk\7.0.101\Extensions\Microsoft.VisualStudio.TestPlatform.Extensions.Trx.TestLogger.dll
TpTrace Verbose: 0 : 2388, 8, 2023/01/08, 23:24:03.246, 3847340339141, vstest.console.dll, TestPluginCache.GetExtensionPaths: Added unfilterableExtensionPaths: 
TpTrace Verbose: 0 : 2388, 8, 2023/01/08, 23:24:03.248, 3847340359334, vstest.console.dll, TestRequestSender.InitializeExecution: Sending initialize execution with message: {"Version":7,"MessageType":"TestExecution.Initialize","Payload":["C:\\Users\\me\\development\\me\\aoc\\AocLib\\AocLib.Tests\\bin\\Debug\\net7.0\\fine-code-coverage\\build-output\\xunit.runner.visualstudio.dotnetcore.testadapter.dll"]}
TpTrace Warning: 0 : 2388, 8, 2023/01/08, 23:24:03.248, 3847340362166, vstest.console.dll, InferRunSettingsHelper.MakeRunsettingsCompatible: Removing the following settings: TargetPlatform from RunSettings file. To use those settings please move to latest version of Microsoft.NET.Test.Sdk
TpTrace Verbose: 0 : 2388, 14, 2023/01/08, 23:24:03.249, 3847340371186, vstest.console.dll, TcpClientExtensions.MessageLoopAsync: NotifyDataAvailable remoteEndPoint: 127.0.0.1:56222 localEndPoint: 127.0.0.1:56220
TpTrace Verbose: 0 : 2388, 14, 2023/01/08, 23:24:03.250, 3847340375038, vstest.console.dll, TestRequestSender.OnExecutionMessageReceived: Received message: {"Version":7,"MessageType":"TestSession.Message","Payload":{"MessageLevel":0,"Message":"Logging TestHost Diagnostics in file: C:\\Users\\me\\development\\me\\aoc\\AocLib\\AocLib.Tests\\bin\\Debug\\net7.0\\fine-code-coverage\\coverage-tool-output\\diagnostics.host.23-01-08_23-24-03_02302_8.log"}}
TpTrace Verbose: 0 : 2388, 14, 2023/01/08, 23:24:03.251, 3847340389153, vstest.console.dll, TestRunRequest:SendTestRunMessage: Starting.
TpTrace Verbose: 0 : 2388, 14, 2023/01/08, 23:24:03.251, 3847340389954, vstest.console.dll, MulticastDelegateUtilities.SafeInvoke: TestRun.LogMessages: Invoking callback 1/1 for Microsoft.VisualStudio.TestPlatform.CommandLine.TestRunResultAggregator., took 0 ms.
TpTrace Information: 0 : 2388, 14, 2023/01/08, 23:24:03.251, 3847340390237, vstest.console.dll, TestRunRequest:SendTestRunMessage: Completed.
TpTrace Verbose: 0 : 2388, 14, 2023/01/08, 23:24:03.251, 3847340390453, vstest.console.dll, MulticastDelegateUtilities.SafeInvoke: LengthPrefixCommunicationChannel: MessageReceived: Invoking callback 1/1 for Microsoft.VisualStudio.TestPlatform.CommunicationUtilities.TestRequestSender+<>c__DisplayClass31_0., took 1 ms.
TpTrace Verbose: 0 : 2388, 14, 2023/01/08, 23:24:03.251, 3847340390622, vstest.console.dll, TcpClientExtensions.MessageLoopAsync: Polling on remoteEndPoint: 127.0.0.1:56222 localEndPoint: 127.0.0.1:56220
TpTrace Verbose: 0 : 2388, 4, 2023/01/08, 23:24:03.251, 3847340390717, vstest.console.dll, MulticastDelegateUtilities.SafeInvoke: InternalTestLoggerEvents.SendTestRunMessage: Invoking callback 1/1 for Microsoft.VisualStudio.TestPlatform.CommandLine.Internal.ConsoleLogger., took 0 ms.
TpTrace Verbose: 0 : 2388, 8, 2023/01/08, 23:24:03.253, 3847340403770, vstest.console.dll, TestRequestSender.StartTestRun: Sending test run with message: {"Version":7,"MessageType":"TestExecution.StartWithSources","Payload":{"AdapterSourceMap":{"_none_":["C:\\Users\\me\\development\\me\\aoc\\AocLib\\AocLib.Tests\\bin\\Debug\\net7.0\\fine-code-coverage\\build-output\\AocLib.Tests.dll"]},"RunSettings":"<RunSettings>\r\n  <RunConfiguration>\r\n    <ResultsDirectory>C:\\Users\\me\\development\\me\\aoc\\AocLib\\AocLib.Tests\\bin\\Debug\\net7.0\\fine-code-coverage\\coverage-tool-output</ResultsDirectory>\r\n    <TargetFrameworkVersion>.NETCoreApp,Version=v7.0</TargetFrameworkVersion>\r\n    <DesignMode>False</DesignMode>\r\n    <CollectSourceInformation>False</CollectSourceInformation>\r\n  </RunConfiguration>\r\n  <LoggerRunSettings>\r\n    <Loggers>\r\n      <Logger friendlyName=\"blame\" enabled=\"True\" />\r\n      <Logger friendlyName=\"Console\" uri=\"logger://microsoft/TestPlatform/ConsoleLogger/v1\" assemblyQualifiedName=\"Microsoft.VisualStudio.TestPlatform.CommandLine.Internal.ConsoleLogger, vstest.console, Version=15.0.0.0, Culture=neutral, PublicKeyToken=b03f5f7f11d50a3a\" codeBase=\"C:\\Program Files\\dotnet\\sdk\\7.0.101\\vstest.console.dll\" enabled=\"True\" />\r\n    </Loggers>\r\n  </LoggerRunSettings>\r\n  <DataCollectionRunSettings>\r\n    <DataCollectors>\r\n      <DataCollector friendlyName=\"blame\" enabled=\"True\">\r\n        <Configuration>\r\n          <ResultsDirectory>C:\\Users\\me\\development\\me\\aoc\\AocLib\\AocLib.Tests\\bin\\Debug\\net7.0\\fine-code-coverage\\coverage-tool-output</ResultsDirectory>\r\n        </Configuration>\r\n      </DataCollector>\r\n    </DataCollectors>\r\n  </DataCollectionRunSettings>\r\n</RunSettings>","TestExecutionContext":{"FrequencyOfRunStatsChangeEvent":10,"RunStatsChangeEventTimeout":"00:00:01.5000000","InIsolation":false,"KeepAlive":false,"AreTestCaseLevelEventsRequired":false,"IsDebug":false,"TestCaseFilter":null,"FilterOptions":null},"Package":null}}
TpTrace Verbose: 0 : 2388, 14, 2023/01/08, 23:24:03.336, 3847341234417, vstest.console.dll, TcpClientExtensions.MessageLoopAsync: NotifyDataAvailable remoteEndPoint: 127.0.0.1:56222 localEndPoint: 127.0.0.1:56220
TpTrace Verbose: 0 : 2388, 14, 2023/01/08, 23:24:03.336, 3847341235795, vstest.console.dll, TestRequestSender.OnExecutionMessageReceived: Received message: {"Version":7,"MessageType":"TestSession.Message","Payload":{"MessageLevel":0,"Message":"[xUnit.net 00:00:00.00] xUnit.net VSTest Adapter v2.4.5+1caef2f33e (64-bit .NET 7.0.1)"}}
TpTrace Verbose: 0 : 2388, 14, 2023/01/08, 23:24:03.336, 3847341237633, vstest.console.dll, TestRunRequest:SendTestRunMessage: Starting.
TpTrace Verbose: 0 : 2388, 14, 2023/01/08, 23:24:03.336, 3847341238146, vstest.console.dll, MulticastDelegateUtilities.SafeInvoke: TestRun.LogMessages: Invoking callback 1/1 for Microsoft.VisualStudio.TestPlatform.CommandLine.TestRunResultAggregator., took 0 ms.
TpTrace Information: 0 : 2388, 14, 2023/01/08, 23:24:03.336, 3847341238359, vstest.console.dll, TestRunRequest:SendTestRunMessage: Completed.
TpTrace Verbose: 0 : 2388, 14, 2023/01/08, 23:24:03.336, 3847341238522, vstest.console.dll, MulticastDelegateUtilities.SafeInvoke: LengthPrefixCommunicationChannel: MessageReceived: Invoking callback 1/1 for Microsoft.VisualStudio.TestPlatform.CommunicationUtilities.TestRequestSender+<>c__DisplayClass31_0., took 0 ms.
TpTrace Verbose: 0 : 2388, 14, 2023/01/08, 23:24:03.336, 3847341238694, vstest.console.dll, TcpClientExtensions.MessageLoopAsync: Polling on remoteEndPoint: 127.0.0.1:56222 localEndPoint: 127.0.0.1:56220
TpTrace Verbose: 0 : 2388, 4, 2023/01/08, 23:24:03.336, 3847341239172, vstest.console.dll, MulticastDelegateUtilities.SafeInvoke: InternalTestLoggerEvents.SendTestRunMessage: Invoking callback 1/1 for Microsoft.VisualStudio.TestPlatform.CommandLine.Internal.ConsoleLogger., took 0 ms.
TpTrace Verbose: 0 : 2388, 14, 2023/01/08, 23:24:03.663, 3847344502589, vstest.console.dll, TcpClientExtensions.MessageLoopAsync: NotifyDataAvailable remoteEndPoint: 127.0.0.1:56222 localEndPoint: 127.0.0.1:56220
TpTrace Verbose: 0 : 2388, 14, 2023/01/08, 23:24:03.663, 3847344504342, vstest.console.dll, TestRequestSender.OnExecutionMessageReceived: Received message: {"Version":7,"MessageType":"TestSession.Message","Payload":{"MessageLevel":0,"Message":"[xUnit.net 00:00:00.32]   Discovering: AocLib.Tests"}}
TpTrace Verbose: 0 : 2388, 14, 2023/01/08, 23:24:03.663, 3847344505673, vstest.console.dll, TestRunRequest:SendTestRunMessage: Starting.
TpTrace Verbose: 0 : 2388, 14, 2023/01/08, 23:24:03.663, 3847344506166, vstest.console.dll, MulticastDelegateUtilities.SafeInvoke: TestRun.LogMessages: Invoking callback 1/1 for Microsoft.VisualStudio.TestPlatform.CommandLine.TestRunResultAggregator., took 0 ms.
TpTrace Information: 0 : 2388, 14, 2023/01/08, 23:24:03.663, 3847344506562, vstest.console.dll, TestRunRequest:SendTestRunMessage: Completed.
TpTrace Verbose: 0 : 2388, 14, 2023/01/08, 23:24:03.663, 3847344506813, vstest.console.dll, MulticastDelegateUtilities.SafeInvoke: LengthPrefixCommunicationChannel: MessageReceived: Invoking callback 1/1 for Microsoft.VisualStudio.TestPlatform.CommunicationUtilities.TestRequestSender+<>c__DisplayClass31_0., took 0 ms.
TpTrace Verbose: 0 : 2388, 14, 2023/01/08, 23:24:03.663, 3847344507030, vstest.console.dll, TcpClientExtensions.MessageLoopAsync: Polling on remoteEndPoint: 127.0.0.1:56222 localEndPoint: 127.0.0.1:56220
TpTrace Verbose: 0 : 2388, 4, 2023/01/08, 23:24:03.663, 3847344507345, vstest.console.dll, MulticastDelegateUtilities.SafeInvoke: InternalTestLoggerEvents.SendTestRunMessage: Invoking callback 1/1 for Microsoft.VisualStudio.TestPlatform.CommandLine.Internal.ConsoleLogger., took 0 ms.
TpTrace Verbose: 0 : 2388, 14, 2023/01/08, 23:24:03.686, 3847344733193, vstest.console.dll, TcpClientExtensions.MessageLoopAsync: NotifyDataAvailable remoteEndPoint: 127.0.0.1:56222 localEndPoint: 127.0.0.1:56220
TpTrace Verbose: 0 : 2388, 14, 2023/01/08, 23:24:03.686, 3847344734896, vstest.console.dll, TestRequestSender.OnExecutionMessageReceived: Received message: {"Version":7,"MessageType":"TestSession.Message","Payload":{"MessageLevel":0,"Message":"[xUnit.net 00:00:00.35]   Discovered:  AocLib.Tests"}}
TpTrace Verbose: 0 : 2388, 14, 2023/01/08, 23:24:03.686, 3847344736077, vstest.console.dll, TestRunRequest:SendTestRunMessage: Starting.
TpTrace Verbose: 0 : 2388, 14, 2023/01/08, 23:24:03.686, 3847344736554, vstest.console.dll, MulticastDelegateUtilities.SafeInvoke: TestRun.LogMessages: Invoking callback 1/1 for Microsoft.VisualStudio.TestPlatform.CommandLine.TestRunResultAggregator., took 0 ms.
TpTrace Information: 0 : 2388, 14, 2023/01/08, 23:24:03.686, 3847344736907, vstest.console.dll, TestRunRequest:SendTestRunMessage: Completed.
TpTrace Verbose: 0 : 2388, 4, 2023/01/08, 23:24:03.686, 3847344737017, vstest.console.dll, MulticastDelegateUtilities.SafeInvoke: InternalTestLoggerEvents.SendTestRunMessage: Invoking callback 1/1 for Microsoft.VisualStudio.TestPlatform.CommandLine.Internal.ConsoleLogger., took 0 ms.
TpTrace Verbose: 0 : 2388, 14, 2023/01/08, 23:24:03.686, 3847344737156, vstest.console.dll, MulticastDelegateUtilities.SafeInvoke: LengthPrefixCommunicationChannel: MessageReceived: Invoking callback 1/1 for Microsoft.VisualStudio.TestPlatform.CommunicationUtilities.TestRequestSender+<>c__DisplayClass31_0., took 0 ms.
TpTrace Verbose: 0 : 2388, 14, 2023/01/08, 23:24:03.686, 3847344738118, vstest.console.dll, TcpClientExtensions.MessageLoopAsync: Polling on remoteEndPoint: 127.0.0.1:56222 localEndPoint: 127.0.0.1:56220
TpTrace Verbose: 0 : 2388, 14, 2023/01/08, 23:24:03.687, 3847344751410, vstest.console.dll, TcpClientExtensions.MessageLoopAsync: NotifyDataAvailable remoteEndPoint: 127.0.0.1:56222 localEndPoint: 127.0.0.1:56220
TpTrace Verbose: 0 : 2388, 14, 2023/01/08, 23:24:03.687, 3847344751930, vstest.console.dll, TestRequestSender.OnExecutionMessageReceived: Received message: {"Version":7,"MessageType":"TestSession.Message","Payload":{"MessageLevel":0,"Message":"[xUnit.net 00:00:00.35]   Starting:    AocLib.Tests"}}
TpTrace Verbose: 0 : 2388, 14, 2023/01/08, 23:24:03.688, 3847344752735, vstest.console.dll, TestRunRequest:SendTestRunMessage: Starting.
TpTrace Verbose: 0 : 2388, 14, 2023/01/08, 23:24:03.688, 3847344753080, vstest.console.dll, MulticastDelegateUtilities.SafeInvoke: TestRun.LogMessages: Invoking callback 1/1 for Microsoft.VisualStudio.TestPlatform.CommandLine.TestRunResultAggregator., took 0 ms.
TpTrace Information: 0 : 2388, 14, 2023/01/08, 23:24:03.688, 3847344753253, vstest.console.dll, TestRunRequest:SendTestRunMessage: Completed.
TpTrace Verbose: 0 : 2388, 4, 2023/01/08, 23:24:03.688, 3847344753401, vstest.console.dll, MulticastDelegateUtilities.SafeInvoke: InternalTestLoggerEvents.SendTestRunMessage: Invoking callback 1/1 for Microsoft.VisualStudio.TestPlatform.CommandLine.Internal.ConsoleLogger., took 0 ms.
TpTrace Verbose: 0 : 2388, 14, 2023/01/08, 23:24:03.688, 3847344753429, vstest.console.dll, MulticastDelegateUtilities.SafeInvoke: LengthPrefixCommunicationChannel: MessageReceived: Invoking callback 1/1 for Microsoft.VisualStudio.TestPlatform.CommunicationUtilities.TestRequestSender+<>c__DisplayClass31_0., took 0 ms.
TpTrace Verbose: 0 : 2388, 14, 2023/01/08, 23:24:03.688, 3847344753924, vstest.console.dll, TcpClientExtensions.MessageLoopAsync: Polling on remoteEndPoint: 127.0.0.1:56222 localEndPoint: 127.0.0.1:56220
TpTrace Verbose: 0 : 2388, 14, 2023/01/08, 23:24:03.754, 3847345412874, vstest.console.dll, TcpClientExtensions.MessageLoopAsync: NotifyDataAvailable remoteEndPoint: 127.0.0.1:56222 localEndPoint: 127.0.0.1:56220
TpTrace Verbose: 0 : 2388, 14, 2023/01/08, 23:24:03.754, 3847345414449, vstest.console.dll, TestRequestSender.OnExecutionMessageReceived: Received message: {"Version":7,"MessageType":"TestSession.Message","Payload":{"MessageLevel":0,"Message":"[xUnit.net 00:00:00.41]   Finished:    AocLib.Tests"}}
TpTrace Verbose: 0 : 2388, 14, 2023/01/08, 23:24:03.754, 3847345415650, vstest.console.dll, TestRunRequest:SendTestRunMessage: Starting.
TpTrace Verbose: 0 : 2388, 14, 2023/01/08, 23:24:03.754, 3847345416461, vstest.console.dll, MulticastDelegateUtilities.SafeInvoke: TestRun.LogMessages: Invoking callback 1/1 for Microsoft.VisualStudio.TestPlatform.CommandLine.TestRunResultAggregator., took 0 ms.
TpTrace Verbose: 0 : 2388, 4, 2023/01/08, 23:24:03.754, 3847345416481, vstest.console.dll, MulticastDelegateUtilities.SafeInvoke: InternalTestLoggerEvents.SendTestRunMessage: Invoking callback 1/1 for Microsoft.VisualStudio.TestPlatform.CommandLine.Internal.ConsoleLogger., took 0 ms.
TpTrace Information: 0 : 2388, 14, 2023/01/08, 23:24:03.754, 3847345417194, vstest.console.dll, TestRunRequest:SendTestRunMessage: Completed.
TpTrace Verbose: 0 : 2388, 14, 2023/01/08, 23:24:03.754, 3847345417692, vstest.console.dll, MulticastDelegateUtilities.SafeInvoke: LengthPrefixCommunicationChannel: MessageReceived: Invoking callback 1/1 for Microsoft.VisualStudio.TestPlatform.CommunicationUtilities.TestRequestSender+<>c__DisplayClass31_0., took 0 ms.
TpTrace Verbose: 0 : 2388, 14, 2023/01/08, 23:24:03.754, 3847345418019, vstest.console.dll, TcpClientExtensions.MessageLoopAsync: Polling on remoteEndPoint: 127.0.0.1:56222 localEndPoint: 127.0.0.1:56220
TpTrace Verbose: 0 : 2388, 14, 2023/01/08, 23:24:03.780, 3847345673124, vstest.console.dll, TcpClientExtensions.MessageLoopAsync: NotifyDataAvailable remoteEndPoint: 127.0.0.1:56222 localEndPoint: 127.0.0.1:56220
TpTrace Verbose: 0 : 2388, 14, 2023/01/08, 23:24:03.780, 3847345675603, vstest.console.dll, TestRequestSender.OnExecutionMessageReceived: Received message: {"Version":7,"MessageType":"TestExecution.Completed","Payload":{"TestRunCompleteArgs":{"TestRunStatistics":{"ExecutedTests":9,"Stats":{"Passed":9}},"IsCanceled":false,"IsAborted":false,"Error":null,"AttachmentSets":[],"InvokedDataCollectors":[],"ElapsedTimeInRunningTests":"00:00:00.4237597","Metrics":{},"DiscoveredExtensions":{"TestDiscoverers":["Xunit.Runner.VisualStudio.VsTestRunner, xunit.runner.visualstudio.dotnetcore.testadapter, Version=2.4.0.0, Culture=neutral, PublicKeyToken=8d05b1bb7a6fdb6c"],"TestExecutors":["executor://xunit/VsTestRunner2/netcoreapp"],"TestExecutors2":[],"TestSettingsProviders":[]}},"LastRunTests":{"NewTestResults":[{"TestCase":{"Id":"40cee60e-3505-6acc-463a-d6cee77f9343","FullyQualifiedName":"AocLib.Tests.PointTests.Division","DisplayName":"AocLib.Tests.PointTests.Division","ExecutorUri":"executor://xunit/VsTestRunner2/netcoreapp","Source":"C:\\Users\\me\\development\\me\\aoc\\AocLib\\AocLib.Tests\\bin\\Debug\\net7.0\\fine-code-coverage\\build-output\\AocLib.Tests.dll","CodeFilePath":null,"LineNumber":0,"Properties":[]},"Attachments":[],"Outcome":1,"ErrorMessage":null,"ErrorStackTrace":null,"DisplayName":"AocLib.Tests.PointTests.Division","Messages":[],"ComputerName":"JCAPELLO-PC","Duration":"00:00:00.0052964","StartTime":"2023-01-09T05:24:03.7315393+00:00","EndTime":"2023-01-09T05:24:03.7315598+00:00","Properties":[]},{"TestCase":{"Id":"1de2c0cb-fff9-61db-3348-d493de121992","FullyQualifiedName":"AocLib.Tests.PointTests.Multiplication","DisplayName":"AocLib.Tests.PointTests.Multiplication","ExecutorUri":"executor://xunit/VsTestRunner2/netcoreapp","Source":"C:\\Users\\me\\development\\me\\aoc\\AocLib\\AocLib.Tests\\bin\\Debug\\net7.0\\fine-code-coverage\\build-output\\AocLib.Tests.dll","CodeFilePath":null,"LineNumber":0,"Properties":[]},"Attachments":[],"Outcome":1,"ErrorMessage":null,"ErrorStackTrace":null,"DisplayName":"AocLib.Tests.PointTests.Multiplication","Messages":[],"ComputerName":"JCAPELLO-PC","Duration":"00:00:00.0001591","StartTime":"2023-01-09T05:24:03.7443051+00:00","EndTime":"2023-01-09T05:24:03.7443055+00:00","Properties":[]},{"TestCase":{"Id":"9a0d8051-f595-d953-c127-cab9f9ca130f","FullyQualifiedName":"AocLib.Tests.PointTests.Deconstruct","DisplayName":"AocLib.Tests.PointTests.Deconstruct","ExecutorUri":"executor://xunit/VsTestRunner2/netcoreapp","Source":"C:\\Users\\me\\development\\me\\aoc\\AocLib\\AocLib.Tests\\bin\\Debug\\net7.0\\fine-code-coverage\\build-output\\AocLib.Tests.dll","CodeFilePath":null,"LineNumber":0,"Properties":[]},"Attachments":[],"Outcome":1,"ErrorMessage":null,"ErrorStackTrace":null,"DisplayName":"AocLib.Tests.PointTests.Deconstruct","Messages":[],"ComputerName":"JCAPELLO-PC","Duration":"00:00:00.0005207","StartTime":"2023-01-09T05:24:03.7467622+00:00","EndTime":"2023-01-09T05:24:03.7467623+00:00","Properties":[]},{"TestCase":{"Id":"a30eca96-6386-30b8-313a-2395330b48e4","FullyQualifiedName":"AocLib.Tests.PointTests.Addition","DisplayName":"AocLib.Tests.PointTests.Addition","ExecutorUri":"executor://xunit/VsTestRunner2/netcoreapp","Source":"C:\\Users\\me\\development\\me\\aoc\\AocLib\\AocLib.Tests\\bin\\Debug\\net7.0\\fine-code-coverage\\build-output\\AocLib.Tests.dll","CodeFilePath":null,"LineNumber":0,"Properties":[]},"Attachments":[],"Outcome":1,"ErrorMessage":null,"ErrorStackTrace":null,"DisplayName":"AocLib.Tests.PointTests.Addition","Messages":[],"ComputerName":"JCAPELLO-PC","Duration":"00:00:00.0001546","StartTime":"2023-01-09T05:24:03.748223+00:00","EndTime":"2023-01-09T05:24:03.748223+00:00","Properties":[]},{"TestCase":{"Id":"f4cfa82a-7fa8-a8c7-3c19-e2a06766df58","FullyQualifiedName":"AocLib.Tests.PointTests.ManhattanDistance","DisplayName":"AocLib.Tests.PointTests.ManhattanDistance","ExecutorUri":"executor://xunit/VsTestRunner2/netcoreapp","Source":"C:\\Users\\me\\development\\me\\aoc\\AocLib\\AocLib.Tests\\bin\\Debug\\net7.0\\fine-code-coverage\\build-output\\AocLib.Tests.dll","CodeFilePath":null,"LineNumber":0,"Properties":[]},"Attachments":[],"Outcome":1,"ErrorMessage":null,"ErrorStackTrace":null,"DisplayName":"AocLib.Tests.PointTests.ManhattanDistance","Messages":[],"ComputerName":"JCAPELLO-PC","Duration":"00:00:00.0001447","StartTime":"2023-01-09T05:24:03.7496071+00:00","EndTime":"2023-01-09T05:24:03.7496071+00:00","Properties":[]},{"TestCase":{"Id":"1ca05159-9999-e607-193f-b4228e25539d","FullyQualifiedName":"AocLib.Tests.PointTests.Subtraction","DisplayName":"AocLib.Tests.PointTests.Subtraction","ExecutorUri":"executor://xunit/VsTestRunner2/netcoreapp","Source":"C:\\Users\\me\\development\\me\\aoc\\AocLib\\AocLib.Tests\\bin\\Debug\\net7.0\\fine-code-coverage\\build-output\\AocLib.Tests.dll","CodeFilePath":null,"LineNumber":0,"Properties":[]},"Attachments":[],"Outcome":1,"ErrorMessage":null,"ErrorStackTrace":null,"DisplayName":"AocLib.Tests.PointTests.Subtraction","Messages":[],"ComputerName":"JCAPELLO-PC","Duration":"00:00:00.0001164","StartTime":"2023-01-09T05:24:03.7510233+00:00","EndTime":"2023-01-09T05:24:03.7510233+00:00","Properties":[]},{"TestCase":{"Id":"33646ff8-c6b4-6e48-5d15-ec05c4ef7a81","FullyQualifiedName":"AocLib.Tests.PointTests.Equality","DisplayName":"AocLib.Tests.PointTests.Equality","ExecutorUri":"executor://xunit/VsTestRunner2/netcoreapp","Source":"C:\\Users\\me\\development\\me\\aoc\\AocLib\\AocLib.Tests\\bin\\Debug\\net7.0\\fine-code-coverage\\build-output\\AocLib.Tests.dll","CodeFilePath":null,"LineNumber":0,"Properties":[]},"Attachments":[],"Outcome":1,"ErrorMessage":null,"ErrorStackTrace":null,"DisplayName":"AocLib.Tests.PointTests.Equality(p1: Point { X = 1, Y = 1 }, p2: Point { X = 1, Y = 0 }, result: False)","Messages":[],"ComputerName":"JCAPELLO-PC","Duration":"00:00:00.0003230","StartTime":"2023-01-09T05:24:03.7521845+00:00","EndTime":"2023-01-09T05:24:03.7521846+00:00","Properties":[]},{"TestCase":{"Id":"33646ff8-c6b4-6e48-5d15-ec05c4ef7a81","FullyQualifiedName":"AocLib.Tests.PointTests.Equality","DisplayName":"AocLib.Tests.PointTests.Equality","ExecutorUri":"executor://xunit/VsTestRunner2/netcoreapp","Source":"C:\\Users\\me\\development\\me\\aoc\\AocLib\\AocLib.Tests\\bin\\Debug\\net7.0\\fine-code-coverage\\build-output\\AocLib.Tests.dll","CodeFilePath":null,"LineNumber":0,"Properties":[]},"Attachments":[],"Outcome":1,"ErrorMessage":null,"ErrorStackTrace":null,"DisplayName":"AocLib.Tests.PointTests.Equality(p1: Point { X = 1, Y = 1 }, p2: Point { X = 0, Y = 1 }, result: False)","Messages":[],"ComputerName":"JCAPELLO-PC","Duration":"00:00:00.0001011","StartTime":"2023-01-09T05:24:03.7527627+00:00","EndTime":"2023-01-09T05:24:03.7527627+00:00","Properties":[]},{"TestCase":{"Id":"33646ff8-c6b4-6e48-5d15-ec05c4ef7a81","FullyQualifiedName":"AocLib.Tests.PointTests.Equality","DisplayName":"AocLib.Tests.PointTests.Equality","ExecutorUri":"executor://xunit/VsTestRunner2/netcoreapp","Source":"C:\\Users\\me\\development\\me\\aoc\\AocLib\\AocLib.Tests\\bin\\Debug\\net7.0\\fine-code-coverage\\build-output\\AocLib.Tests.dll","CodeFilePath":null,"LineNumber":0,"Properties":[]},"Attachments":[],"Outcome":1,"ErrorMessage":null,"ErrorStackTrace":null,"DisplayName":"AocLib.Tests.PointTests.Equality(p1: Point { X = 1, Y = 1 }, p2: Point { X = 1, Y = 1 }, result: True)","Messages":[],"ComputerName":"JCAPELLO-PC","Duration":"00:00:00.0000056","StartTime":"2023-01-09T05:24:03.7529881+00:00","EndTime":"2023-01-09T05:24:03.7529882+00:00","Properties":[]}],"TestRunStatistics":{"ExecutedTests":9,"Stats":{"Passed":9}},"ActiveTests":[]},"RunAttachments":[],"ExecutorUris":["executor://xunit/VsTestRunner2/netcoreapp"]}}
TpTrace Verbose: 0 : 2388, 14, 2023/01/08, 23:24:03.780, 3847345676729, vstest.console.dll, TestRequestSender.EndSession: Sending end session.
TpTrace Verbose: 0 : 2388, 14, 2023/01/08, 23:24:03.780, 3847345678089, vstest.console.dll, ProxyOperationManager.Close: waiting for test host to exit for 100 ms
TpTrace Warning: 0 : 2388, 12, 2023/01/08, 23:24:03.790, 3847345776514, vstest.console.dll, TestHostManagerCallbacks.ErrorReceivedCallback Test host standard error line: 
TpTrace Verbose: 0 : 2388, 12, 2023/01/08, 23:24:03.802, 3847345894278, vstest.console.dll, TestHostProvider.ExitCallBack: Host exited starting callback.
TpTrace Information: 0 : 2388, 12, 2023/01/08, 23:24:03.802, 3847345895746, vstest.console.dll, TestHostManagerCallbacks.ExitCallBack: Testhost processId: 13220 exited with exitcode: 0 error: ''
TpTrace Verbose: 0 : 2388, 12, 2023/01/08, 23:24:03.802, 3847345896146, vstest.console.dll, DotnetTestHostManager.OnHostExited: invoking OnHostExited callback
TpTrace Verbose: 0 : 2388, 12, 2023/01/08, 23:24:03.802, 3847345896549, vstest.console.dll, CrossPlatEngine.TestHostManagerHostExited: calling on client process exit callback.
TpTrace Information: 0 : 2388, 12, 2023/01/08, 23:24:03.802, 3847345896903, vstest.console.dll, TestRequestSender.OnClientProcessExit: Test host process exited. Standard error: 
TpTrace Information: 0 : 2388, 12, 2023/01/08, 23:24:03.802, 3847345897139, vstest.console.dll, SocketServer.Stop: Stop server endPoint: 127.0.0.1:56220
TpTrace Information: 0 : 2388, 12, 2023/01/08, 23:24:03.802, 3847345897289, vstest.console.dll, SocketServer.Stop: Cancellation requested. Stopping message loop.
TpTrace Information: 0 : 2388, 14, 2023/01/08, 23:24:03.802, 3847345897742, vstest.console.dll, SocketServer.Stop: Stop server endPoint: 127.0.0.1:56220
TpTrace Verbose: 0 : 2388, 12, 2023/01/08, 23:24:03.802, 3847345897916, vstest.console.dll, MulticastDelegateUtilities.SafeInvoke: HostProviderEvents.OnHostExited: Invoking callback 1/1 for Microsoft.VisualStudio.TestPlatform.CrossPlatEngine.Client.ProxyOperationManager., took 0 ms.
TpTrace Information: 0 : 2388, 14, 2023/01/08, 23:24:03.802, 3847345898354, vstest.console.dll, SocketServer.Stop: Cancellation requested. Stopping message loop.
TpTrace Information: 0 : 2388, 14, 2023/01/08, 23:24:03.802, 3847345898773, vstest.console.dll, Closing the connection
TpTrace Verbose: 0 : 2388, 14, 2023/01/08, 23:24:03.802, 3847345900345, vstest.console.dll, ProxyDataCollectionManager.InvokeDataCollectionServiceAction: Starting.
TpTrace Information: 0 : 2388, 14, 2023/01/08, 23:24:03.802, 3847345900716, vstest.console.dll, ProxyDataCollectionManager.AfterTestRunEnd: Get attachment set and invoked data collectors processId: 34368 port: 56217
TpTrace Verbose: 0 : 2388, 14, 2023/01/08, 23:24:03.802, 3847345901007, vstest.console.dll, DataCollectionRequestSender.SendAfterTestRunStartAndGetResult: Send AfterTestRunEnd message with isCancelled: False
TpTrace Verbose: 0 : 2388, 14, 2023/01/08, 23:24:03.809, 3847345962557, vstest.console.dll, DataCollectionRequestSender.SendAfterTestRunStartAndGetResult: Received message: (DataCollection.AfterTestRunEndResult) -> {"MessageType":"DataCollection.AfterTestRunEndResult","Payload":{"AttachmentSets":[],"InvokedDataCollectors":[{"Uri":"datacollector://Microsoft/TestPlatform/Extensions/Blame/v1","FriendlyName":"Blame","AssemblyQualifiedName":"Microsoft.TestPlatform.Extensions.BlameDataCollector.BlameCollector, Microsoft.TestPlatform.Extensions.BlameDataCollector, Version=15.0.0.0, Culture=neutral, PublicKeyToken=b03f5f7f11d50a3a","FilePath":"C:\\Program Files\\dotnet\\sdk\\7.0.101\\Extensions\\Microsoft.TestPlatform.Extensions.BlameDataCollector.dll","HasAttachmentProcessor":false}],"Metrics":{}}}
TpTrace Warning: 0 : 2388, 10, 2023/01/08, 23:24:03.812, 3847345995258, vstest.console.dll, DataCollectionLauncher.ErrorReceivedCallback datacollector standard error line: 
TpTrace Information: 0 : 2388, 14, 2023/01/08, 23:24:03.813, 3847346007827, vstest.console.dll, ProxyDataCollectionManager.InvokeDataCollectionServiceAction: Completed.
TpTrace Information: 0 : 2388, 10, 2023/01/08, 23:24:03.816, 3847346039379, vstest.console.dll, DataCollectionLauncher.ExitCallBack: Data collector exited with exitcode: 0 error: ''
TpTrace Verbose: 0 : 2388, 14, 2023/01/08, 23:24:03.851, 3847346392017, vstest.console.dll, TestRunRequest:SendTestRunStatsChange: Starting.
TpTrace Verbose: 0 : 2388, 14, 2023/01/08, 23:24:03.852, 3847346394513, vstest.console.dll, MulticastDelegateUtilities.SafeInvoke: TestRun.RunStatsChanged: Invoking callbacks was skipped because there are no subscribers.
TpTrace Information: 0 : 2388, 14, 2023/01/08, 23:24:03.852, 3847346394925, vstest.console.dll, TestRunRequest:SendTestRunStatsChange: Completed.
TpTrace Verbose: 0 : 2388, 14, 2023/01/08, 23:24:03.852, 3847346397424, vstest.console.dll, ParallelProxyExecutionManager: HandlePartialRunComplete: Total completed clients = 1, Run complete = True, Run canceled: False.
TpTrace Verbose: 0 : 2388, 4, 2023/01/08, 23:24:03.853, 3847346405469, vstest.console.dll, MulticastDelegateUtilities.SafeInvoke: InternalTestLoggerEvents.SendTestResult: Invoking callback 1/1 for Microsoft.VisualStudio.TestPlatform.CommandLine.Internal.ConsoleLogger., took 1 ms.
TpTrace Verbose: 0 : 2388, 4, 2023/01/08, 23:24:03.853, 3847346407150, vstest.console.dll, MulticastDelegateUtilities.SafeInvoke: InternalTestLoggerEvents.SendTestResult: Invoking callback 1/1 for Microsoft.VisualStudio.TestPlatform.CommandLine.Internal.ConsoleLogger., took 0 ms.
TpTrace Verbose: 0 : 2388, 4, 2023/01/08, 23:24:03.853, 3847346407786, vstest.console.dll, MulticastDelegateUtilities.SafeInvoke: InternalTestLoggerEvents.SendTestResult: Invoking callback 1/1 for Microsoft.VisualStudio.TestPlatform.CommandLine.Internal.ConsoleLogger., took 0 ms.
TpTrace Verbose: 0 : 2388, 4, 2023/01/08, 23:24:03.853, 3847346408065, vstest.console.dll, MulticastDelegateUtilities.SafeInvoke: InternalTestLoggerEvents.SendTestResult: Invoking callback 1/1 for Microsoft.VisualStudio.TestPlatform.CommandLine.Internal.ConsoleLogger., took 0 ms.
TpTrace Verbose: 0 : 2388, 4, 2023/01/08, 23:24:03.853, 3847346408294, vstest.console.dll, MulticastDelegateUtilities.SafeInvoke: InternalTestLoggerEvents.SendTestResult: Invoking callback 1/1 for Microsoft.VisualStudio.TestPlatform.CommandLine.Internal.ConsoleLogger., took 0 ms.
TpTrace Verbose: 0 : 2388, 4, 2023/01/08, 23:24:03.853, 3847346408587, vstest.console.dll, MulticastDelegateUtilities.SafeInvoke: InternalTestLoggerEvents.SendTestResult: Invoking callback 1/1 for Microsoft.VisualStudio.TestPlatform.CommandLine.Internal.ConsoleLogger., took 0 ms.
TpTrace Verbose: 0 : 2388, 4, 2023/01/08, 23:24:03.853, 3847346408883, vstest.console.dll, MulticastDelegateUtilities.SafeInvoke: InternalTestLoggerEvents.SendTestResult: Invoking callback 1/1 for Microsoft.VisualStudio.TestPlatform.CommandLine.Internal.ConsoleLogger., took 0 ms.
TpTrace Verbose: 0 : 2388, 4, 2023/01/08, 23:24:03.853, 3847346409545, vstest.console.dll, MulticastDelegateUtilities.SafeInvoke: InternalTestLoggerEvents.SendTestResult: Invoking callback 1/1 for Microsoft.VisualStudio.TestPlatform.CommandLine.Internal.ConsoleLogger., took 0 ms.
TpTrace Verbose: 0 : 2388, 4, 2023/01/08, 23:24:03.853, 3847346409984, vstest.console.dll, MulticastDelegateUtilities.SafeInvoke: InternalTestLoggerEvents.SendTestResult: Invoking callback 1/1 for Microsoft.VisualStudio.TestPlatform.CommandLine.Internal.ConsoleLogger., took 0 ms.
TpTrace Verbose: 0 : 2388, 4, 2023/01/08, 23:24:03.859, 3847346462612, vstest.console.dll, MulticastDelegateUtilities.SafeInvoke: InternalTestLoggerEvents.SendTestRunComplete: Invoking callback 1/2 for Microsoft.TestPlatform.Extensions.BlameDataCollector.BlameLogger., took 0 ms.
TpTrace Verbose: 0 : 2388, 4, 2023/01/08, 23:24:03.862, 3847346497436, vstest.console.dll, MulticastDelegateUtilities.SafeInvoke: InternalTestLoggerEvents.SendTestRunComplete: Invoking callback 2/2 for Microsoft.VisualStudio.TestPlatform.CommandLine.Internal.ConsoleLogger., took 3 ms.
TpTrace Verbose: 0 : 2388, 14, 2023/01/08, 23:24:03.862, 3847346499771, vstest.console.dll, TestRunRequest:TestRunComplete: Starting. IsAborted:False IsCanceled:False.
TpTrace Verbose: 0 : 2388, 14, 2023/01/08, 23:24:03.863, 3847346507288, vstest.console.dll, TestLoggerManager.HandleTestRunComplete: Ignoring as the object is disposed.
TpTrace Verbose: 0 : 2388, 14, 2023/01/08, 23:24:03.863, 3847346508603, vstest.console.dll, MulticastDelegateUtilities.SafeInvoke: TestRun.TestRunComplete: Invoking callback 1/2 for Microsoft.VisualStudio.TestPlatform.CommandLine.TestRunResultAggregator., took 0 ms.
TpTrace Verbose: 0 : 2388, 14, 2023/01/08, 23:24:03.863, 3847346509629, vstest.console.dll, MulticastDelegateUtilities.SafeInvoke: TestRun.TestRunComplete: Invoking callback 2/2 for Microsoft.VisualStudio.TestPlatform.CommandLine.Processors.RunTestsArgumentExecutor+TestRunRequestEventsRegistrar., took 0 ms.
TpTrace Information: 0 : 2388, 14, 2023/01/08, 23:24:03.863, 3847346510426, vstest.console.dll, TestRunRequest:TestRunComplete: Completed.
TpTrace Verbose: 0 : 2388, 14, 2023/01/08, 23:24:03.863, 3847346510690, vstest.console.dll, TestRequestSender.SetOperationComplete: Setting operation complete.
TpTrace Information: 0 : 2388, 14, 2023/01/08, 23:24:03.863, 3847346510857, vstest.console.dll, SocketServer.Stop: Stop server endPoint: 127.0.0.1:56220
TpTrace Information: 0 : 2388, 14, 2023/01/08, 23:24:03.863, 3847346510999, vstest.console.dll, SocketServer.Stop: Cancellation requested. Stopping message loop.
TpTrace Verbose: 0 : 2388, 14, 2023/01/08, 23:24:03.863, 3847346511314, vstest.console.dll, MulticastDelegateUtilities.SafeInvoke: LengthPrefixCommunicationChannel: MessageReceived: Invoking callback 1/1 for Microsoft.VisualStudio.TestPlatform.CommunicationUtilities.TestRequestSender+<>c__DisplayClass31_0., took 83 ms.
TpTrace Information: 0 : 2388, 14, 2023/01/08, 23:24:03.863, 3847346511586, vstest.console.dll, SocketServer.PrivateStop: Stopping server endPoint: 127.0.0.1:56220 error: 
TpTrace Verbose: 0 : 2388, 1, 2023/01/08, 23:24:03.863, 3847346511746, vstest.console.dll, TestRunRequest.Dispose: Starting.
TpTrace Information: 0 : 2388, 1, 2023/01/08, 23:24:03.864, 3847346512342, vstest.console.dll, TestRunRequest.Dispose: Completed.
TpTrace Information: 0 : 2388, 1, 2023/01/08, 23:24:03.864, 3847346512619, vstest.console.dll, TestRequestManager.RunTests: run tests completed.
TpTrace Information: 0 : 2388, 1, 2023/01/08, 23:24:03.864, 3847346513355, vstest.console.dll, RunTestsArgumentProcessor:Execute: Test run is completed.
TpTrace Verbose: 0 : 2388, 1, 2023/01/08, 23:24:03.864, 3847346514653, vstest.console.dll, Executor.Execute: Exiting with exit code of 0
TpTrace Verbose: 0 : 2388, 14, 2023/01/08, 23:24:03.864, 3847346515195, vstest.console.dll, LengthPrefixCommunicationChannel.Dispose: Dispose reader and writer.
TpTrace Information: 0 : 2388, 14, 2023/01/08, 23:24:03.864, 3847346515787, vstest.console.dll, SocketServer.Stop: Raise disconnected event endPoint: 127.0.0.1:56220 error: 
TpTrace Verbose: 0 : 2388, 14, 2023/01/08, 23:24:03.864, 3847346516423, vstest.console.dll, TestRequestSender: OnTestRunAbort: Operation is already complete. Skip error message.
TpTrace Verbose: 0 : 2388, 14, 2023/01/08, 23:24:03.864, 3847346516678, vstest.console.dll, MulticastDelegateUtilities.SafeInvoke: SocketServer: ClientDisconnected: Invoking callback 1/1 for Microsoft.VisualStudio.TestPlatform.CommunicationUtilities.TestRequestSender., took 0 ms.
TpTrace Verbose: 0 : 2388, 14, 2023/01/08, 23:24:03.864, 3847346516846, vstest.console.dll, TcpClientExtensions.MessageLoopAsync: exiting MessageLoopAsync remoteEndPoint: 127.0.0.1:56222 localEndPoint: 127.0.0.1:56220
